{"meta": {"format": 3, "version": "7.13.4", "timestamp": "2026-02-28T21:05:53.147458", "branch_coverage": false, "show_contexts": false}, "files": {"agent_orchestrator.py": {"executed_lines": [6, 7, 8, 9, 10, 11, 12, 13, 14, 15, 18, 19, 27, 28, 36, 39, 50, 80, 222, 255, 281, 295], "summary": {"covered_lines": 22, "num_statements": 114, "percent_covered": 19.29824561403509, "percent_covered_display": "19", "missing_lines": 92, "excluded_lines": 0, "percent_statements_covered": 19.29824561403509, "percent_statements_covered_display": "19"}, "missing_lines": [63, 64, 65, 66, 69, 70, 71, 72, 73, 74, 76, 77, 78, 104, 106, 108, 109, 112, 113, 123, 124, 126, 127, 128, 129, 131, 142, 148, 152, 161, 163, 167, 169, 170, 177, 180, 181, 182, 185, 186, 187, 190, 191, 192, 193, 194, 197, 198, 199, 200, 201, 204, 212, 232, 233, 236, 238, 240, 242, 249, 251, 252, 253, 266, 269, 270, 271, 272, 274, 275, 276, 277, 279, 283, 293, 316, 317, 319, 320, 322, 324, 325, 327, 328, 330, 331, 333, 334, 335, 337, 338, 340], "excluded_lines": [], "functions": {"CodeReviewAgent.__init__": {"executed_lines": [], "summary": {"covered_lines": 0, "num_statements": 13, "percent_covered": 0.0, "percent_covered_display": "0", "missing_lines": 13, "excluded_lines": 0, "percent_statements_covered": 0.0, "percent_statements_covered_display": "0"}, "missing_lines": [63, 64, 65, 66, 69, 70, 71, 72, 73, 74, 76, 77, 78], "excluded_lines": [], "start_line": 50}, "CodeReviewAgent.review_code": {"executed_lines": [], "summary": {"covered_lines": 0, "num_statements": 40, "percent_covered": 0.0, "percent_covered_display": "0", "missing_lines": 40, "excluded_lines": 0, "percent_statements_covered": 0.0, "percent_statements_covered_display": "0"}, "missing_lines": [104, 106, 108, 109, 112, 113, 123, 124, 126, 127, 128, 129, 131, 142, 148, 152, 161, 163, 167, 169, 170, 177, 180, 181, 182, 185, 186, 187, 190, 191, 192, 193, 194, 197, 198, 199, 200, 201, 204, 212], "excluded_lines": [], "start_line": 80}, "CodeReviewAgent._predict_runtime_errors": {"executed_lines": [], "summary": {"covered_lines": 0, "num_statements": 10, "percent_covered": 0.0, "percent_covered_display": "0", "missing_lines": 10, "excluded_lines": 0, "percent_statements_covered": 0.0, "percent_statements_covered_display": "0"}, "missing_lines": [232, 233, 236, 238, 240, 242, 249, 251, 252, 253], "excluded_lines": [], "start_line": 222}, "CodeReviewAgent._estimate_error_line": {"executed_lines": [], "summary": {"covered_lines": 0, "num_statements": 10, "percent_covered": 0.0, "percent_covered_display": "0", "missing_lines": 10, "excluded_lines": 0, "percent_statements_covered": 0.0, "percent_statements_covered_display": "0"}, "missing_lines": [266, 269, 270, 271, 272, 274, 275, 276, 277, 279], "excluded_lines": [], "start_line": 255}, "CodeReviewAgent._explain_runtime_error": {"executed_lines": [], "summary": {"covered_lines": 0, "num_statements": 2, "percent_covered": 0.0, "percent_covered_display": "0", "missing_lines": 2, "excluded_lines": 0, "percent_statements_covered": 0.0, "percent_statements_covered_display": "0"}, "missing_lines": [283, 293], "excluded_lines": [], "start_line": 281}, "CodeReviewAgent._generate_summary": {"executed_lines": [], "summary": {"covered_lines": 0, "num_statements": 17, "percent_covered": 0.0, "percent_covered_display": "0", "missing_lines": 17, "excluded_lines": 0, "percent_statements_covered": 0.0, "percent_statements_covered_display": "0"}, "missing_lines": [316, 317, 319, 320, 322, 324, 325, 327, 328, 330, 331, 333, 334, 335, 337, 338, 340], "excluded_lines": [], "start_line": 295}, "": {"executed_lines": [6, 7, 8, 9, 10, 11, 12, 13, 14, 15, 18, 19, 27, 28, 36, 39, 50, 80, 222, 255, 281, 295], "summary": {"covered_lines": 22, "num_statements": 22, "percent_covered": 100.0, "percent_covered_display": "100", "missing_lines": 0, "excluded_lines": 0, "percent_statements_covered": 100.0, "percent_statements_covered_display": "100"}, "missing_lines": [], "excluded_lines": [], "start_line": 1}}, "classes": {"RuntimeRisk": {"executed_lines": [], "summary": {"covered_lines": 0, "num_statements": 0, "percent_covered": 100.0, "percent_covered_display": "100", "missing_lines": 0, "excluded_lines": 0, "percent_statements_covered": 100.0, "percent_statements_covered_display": "100"}, "missing_lines": [], "excluded_lines": [], "start_line": 19}, "ReviewResult": {"executed_lines": [], "summary": {"covered_lines": 0, "num_statements": 0, "percent_covered": 100.0, "percent_covered_display": "100", "missing_lines": 0, "excluded_lines": 0, "percent_statements_covered": 100.0, "percent_statements_covered_display": "100"}, "missing_lines": [], "excluded_lines": [], "start_line": 28}, "CodeReviewAgent": {"executed_lines": [], "summary": {"covered_lines": 0, "num_statements": 92, "percent_covered": 0.0, "percent_covered_display": "0", "missing_lines": 92, "excluded_lines": 0, "percent_statements_covered": 0.0, "percent_statements_covered_display": "0"}, "missing_lines": [63, 64, 65, 66, 69, 70, 71, 72, 73, 74, 76, 77, 78, 104, 106, 108, 109, 112, 113, 123, 124, 126, 127, 128, 129, 131, 142, 148, 152, 161, 163, 167, 169, 170, 177, 180, 181, 182, 185, 186, 187, 190, 191, 192, 193, 194, 197, 198, 199, 200, 201, 204, 212, 232, 233, 236, 238, 240, 242, 249, 251, 252, 253, 266, 269, 270, 271, 272, 274, 275, 276, 277, 279, 283, 293, 316, 317, 319, 320, 322, 324, 325, 327, 328, 330, 331, 333, 334, 335, 337, 338, 340], "excluded_lines": [], "start_line": 39}, "": {"executed_lines": [6, 7, 8, 9, 10, 11, 12, 13, 14, 15, 18, 19, 27, 28, 36, 39, 50, 80, 222, 255, 281, 295], "summary": {"covered_lines": 22, "num_statements": 22, "percent_covered": 100.0, "percent_covered_display": "100", "missing_lines": 0, "excluded_lines": 0, "percent_statements_covered": 100.0, "percent_statements_covered_display": "100"}, "missing_lines": [], "excluded_lines": [], "start_line": 1}}}, "agile_risk/__init__.py": {"executed_lines": [], "summary": {"covered_lines": 0, "num_statements": 0, "percent_covered": 100.0, "percent_covered_display": "100", "missing_lines": 0, "excluded_lines": 0, "percent_statements_covered": 100.0, "percent_statements_covered_display": "100"}, "missing_lines": [], "excluded_lines": [], "functions": {"": {"executed_lines": [], "summary": {"covered_lines": 0, "num_statements": 0, "percent_covered": 100.0, "percent_covered_display": "100", "missing_lines": 0, "excluded_lines": 0, "percent_statements_covered": 100.0, "percent_statements_covered_display": "100"}, "missing_lines": [], "excluded_lines": [], "start_line": 1}}, "classes": {"": {"executed_lines": [], "summary": {"covered_lines": 0, "num_statements": 0, "percent_covered": 100.0, "percent_covered_display": "100", "missing_lines": 0, "excluded_lines": 0, "percent_statements_covered": 100.0, "percent_statements_covered_display": "100"}, "missing_lines": [], "excluded_lines": [], "start_line": 1}}}, "agile_risk/sprint_risk_model.py": {"executed_lines": [17, 18, 19, 22, 29, 47, 50, 54, 57, 60, 63, 66, 69, 70, 72, 75, 78, 81, 83, 95, 100, 101, 102, 103, 105, 107, 108, 109, 110, 111, 112, 113, 114, 116, 118, 122, 123, 128, 129, 134, 135, 140], "summary": {"covered_lines": 42, "num_statements": 42, "percent_covered": 100.0, "percent_covered_display": "100", "missing_lines": 0, "excluded_lines": 0, "percent_statements_covered": 100.0, "percent_statements_covered_display": "100"}, "missing_lines": [], "excluded_lines": [], "functions": {"SprintRiskModel.predict": {"executed_lines": [47, 50, 54, 57, 60, 63, 66, 69, 70, 72, 75, 78, 81, 83], "summary": {"covered_lines": 14, "num_statements": 14, "percent_covered": 100.0, "percent_covered_display": "100", "missing_lines": 0, "excluded_lines": 0, "percent_statements_covered": 100.0, "percent_statements_covered_display": "100"}, "missing_lines": [], "excluded_lines": [], "start_line": 29}, "SprintRiskModel._p_exceed": {"executed_lines": [100, 101, 102, 103], "summary": {"covered_lines": 4, "num_statements": 4, "percent_covered": 100.0, "percent_covered_display": "100", "missing_lines": 0, "excluded_lines": 0, "percent_statements_covered": 100.0, "percent_statements_covered_display": "100"}, "missing_lines": [], "excluded_lines": [], "start_line": 95}, "SprintRiskModel._classify_trend": {"executed_lines": [107, 108, 109, 110, 111, 112, 113, 114, 116], "summary": {"covered_lines": 9, "num_statements": 9, "percent_covered": 100.0, "percent_covered_display": "100", "missing_lines": 0, "excluded_lines": 0, "percent_statements_covered": 100.0, "percent_statements_covered_display": "100"}, "missing_lines": [], "excluded_lines": [], "start_line": 105}, "SprintRiskModel._recommendation": {"executed_lines": [122, 123, 128, 129, 134, 135, 140], "summary": {"covered_lines": 7, "num_statements": 7, "percent_covered": 100.0, "percent_covered_display": "100", "missing_lines": 0, "excluded_lines": 0, "percent_statements_covered": 100.0, "percent_statements_covered_display": "100"}, "missing_lines": [], "excluded_lines": [], "start_line": 118}, "": {"executed_lines": [17, 18, 19, 22, 29, 95, 105, 118], "summary": {"covered_lines": 8, "num_statements": 8, "percent_covered": 100.0, "percent_covered_display": "100", "missing_lines": 0, "excluded_lines": 0, "percent_statements_covered": 100.0, "percent_statements_covered_display": "100"}, "missing_lines": [], "excluded_lines": [], "start_line": 1}}, "classes": {"SprintRiskModel": {"executed_lines": [47, 50, 54, 57, 60, 63, 66, 69, 70, 72, 75, 78, 81, 83, 100, 101, 102, 103, 107, 108, 109, 110, 111, 112, 113, 114, 116, 122, 123, 128, 129, 134, 135, 140], "summary": {"covered_lines": 34, "num_statements": 34, "percent_covered": 100.0, "percent_covered_display": "100", "missing_lines": 0, "excluded_lines": 0, "percent_statements_covered": 100.0, "percent_statements_covered_display": "100"}, "missing_lines": [], "excluded_lines": [], "start_line": 22}, "": {"executed_lines": [17, 18, 19, 22, 29, 95, 105, 118], "summary": {"covered_lines": 8, "num_statements": 8, "percent_covered": 100.0, "percent_covered_display": "100", "missing_lines": 0, "excluded_lines": 0, "percent_statements_covered": 100.0, "percent_statements_covered_display": "100"}, "missing_lines": [], "excluded_lines": [], "start_line": 1}}}, "agile_risk/sprint_store.py": {"executed_lines": [9, 10, 11, 12, 13, 15, 18, 32, 34, 41, 49, 50, 57, 63, 65, 66, 68, 69, 71, 81, 86, 88, 89, 91, 93, 94, 100, 101, 102, 103, 104, 106, 107, 109, 110, 111, 112, 113, 114, 115, 117], "summary": {"covered_lines": 41, "num_statements": 43, "percent_covered": 95.34883720930233, "percent_covered_display": "95", "missing_lines": 2, "excluded_lines": 0, "percent_statements_covered": 95.34883720930233, "percent_statements_covered_display": "95"}, "missing_lines": [35, 116], "excluded_lines": [], "functions": {"SprintStore.__init__": {"executed_lines": [34], "summary": {"covered_lines": 1, "num_statements": 2, "percent_covered": 50.0, "percent_covered_display": "50", "missing_lines": 1, "excluded_lines": 0, "percent_statements_covered": 50.0, "percent_statements_covered_display": "50"}, "missing_lines": [35], "excluded_lines": [], "start_line": 32}, "SprintStore.log_sprint": {"executed_lines": [49, 50, 57], "summary": {"covered_lines": 3, "num_statements": 3, "percent_covered": 100.0, "percent_covered_display": "100", "missing_lines": 0, "excluded_lines": 0, "percent_statements_covered": 100.0, "percent_statements_covered_display": "100"}, "missing_lines": [], "excluded_lines": [], "start_line": 41}, "SprintStore.get_all": {"executed_lines": [65, 66, 68, 69, 71, 81], "summary": {"covered_lines": 6, "num_statements": 6, "percent_covered": 100.0, "percent_covered_display": "100", "missing_lines": 0, "excluded_lines": 0, "percent_statements_covered": 100.0, "percent_statements_covered_display": "100"}, "missing_lines": [], "excluded_lines": [], "start_line": 63}, "SprintStore.get_smell_history": {"executed_lines": [88, 89], "summary": {"covered_lines": 2, "num_statements": 2, "percent_covered": 100.0, "percent_covered_display": "100", "missing_lines": 0, "excluded_lines": 0, "percent_statements_covered": 100.0, "percent_statements_covered_display": "100"}, "missing_lines": [], "excluded_lines": [], "start_line": 86}, "SprintStore.get_refactor_history": {"executed_lines": [93, 94], "summary": {"covered_lines": 2, "num_statements": 2, "percent_covered": 100.0, "percent_covered_display": "100", "missing_lines": 0, "excluded_lines": 0, "percent_statements_covered": 100.0, "percent_statements_covered_display": "100"}, "missing_lines": [], "excluded_lines": [], "start_line": 91}, "SprintStore._load": {"executed_lines": [101, 102, 103, 104], "summary": {"covered_lines": 4, "num_statements": 4, "percent_covered": 100.0, "percent_covered_display": "100", "missing_lines": 0, "excluded_lines": 0, "percent_statements_covered": 100.0, "percent_statements_covered_display": "100"}, "missing_lines": [], "excluded_lines": [], "start_line": 100}, "SprintStore._save": {"executed_lines": [107], "summary": {"covered_lines": 1, "num_statements": 1, "percent_covered": 100.0, "percent_covered_display": "100", "missing_lines": 0, "excluded_lines": 0, "percent_statements_covered": 100.0, "percent_statements_covered_display": "100"}, "missing_lines": [], "excluded_lines": [], "start_line": 106}, "SprintStore._compute_trend": {"executed_lines": [110, 111, 112, 113, 114, 115, 117], "summary": {"covered_lines": 7, "num_statements": 8, "percent_covered": 87.5, "percent_covered_display": "88", "missing_lines": 1, "excluded_lines": 0, "percent_statements_covered": 87.5, "percent_statements_covered_display": "88"}, "missing_lines": [116], "excluded_lines": [], "start_line": 109}, "": {"executed_lines": [9, 10, 11, 12, 13, 15, 18, 32, 41, 63, 86, 91, 100, 106, 109], "summary": {"covered_lines": 15, "num_statements": 15, "percent_covered": 100.0, "percent_covered_display": "100", "missing_lines": 0, "excluded_lines": 0, "percent_statements_covered": 100.0, "percent_statements_covered_display": "100"}, "missing_lines": [], "excluded_lines": [], "start_line": 1}}, "classes": {"SprintStore": {"executed_lines": [34, 49, 50, 57, 65, 66, 68, 69, 71, 81, 88, 89, 93, 94, 101, 102, 103, 104, 107, 110, 111, 112, 113, 114, 115, 117], "summary": {"covered_lines": 26, "num_statements": 28, "percent_covered": 92.85714285714286, "percent_covered_display": "93", "missing_lines": 2, "excluded_lines": 0, "percent_statements_covered": 92.85714285714286, "percent_statements_covered_display": "93"}, "missing_lines": [35, 116], "excluded_lines": [], "start_line": 18}, "": {"executed_lines": [9, 10, 11, 12, 13, 15, 18, 32, 41, 63, 86, 91, 100, 106, 109], "summary": {"covered_lines": 15, "num_statements": 15, "percent_covered": 100.0, "percent_covered_display": "100", "missing_lines": 0, "excluded_lines": 0, "percent_statements_covered": 100.0, "percent_statements_covered_display": "100"}, "missing_lines": [], "excluded_lines": [], "start_line": 1}}}, "analyzers/__init__.py": {"executed_lines": [6, 7, 8, 10], "summary": {"covered_lines": 4, "num_statements": 4, "percent_covered": 100.0, "percent_covered_display": "100", "missing_lines": 0, "excluded_lines": 0, "percent_statements_covered": 100.0, "percent_statements_covered_display": "100"}, "missing_lines": [], "excluded_lines": [], "functions": {"": {"executed_lines": [6, 7, 8, 10], "summary": {"covered_lines": 4, "num_statements": 4, "percent_covered": 100.0, "percent_covered_display": "100", "missing_lines": 0, "excluded_lines": 0, "percent_statements_covered": 100.0, "percent_statements_covered_display": "100"}, "missing_lines": [], "excluded_lines": [], "start_line": 1}}, "classes": {"": {"executed_lines": [6, 7, 8, 10], "summary": {"covered_lines": 4, "num_statements": 4, "percent_covered": 100.0, "percent_covered_display": "100", "missing_lines": 0, "excluded_lines": 0, "percent_statements_covered": 100.0, "percent_statements_covered_display": "100"}, "missing_lines": [], "excluded_lines": [], "start_line": 1}}}, "analyzers/compile_checker.py": {"executed_lines": [6, 7, 8, 9, 12, 13, 22, 23, 28, 29, 34, 40, 93, 110, 138, 179], "summary": {"covered_lines": 16, "num_statements": 76, "percent_covered": 21.05263157894737, "percent_covered_display": "21", "missing_lines": 60, "excluded_lines": 0, "percent_statements_covered": 21.05263157894737, "percent_statements_covered_display": "21"}, "missing_lines": [31, 50, 53, 54, 55, 56, 58, 59, 60, 67, 70, 71, 72, 74, 75, 76, 85, 86, 88, 89, 91, 95, 96, 97, 100, 102, 112, 114, 115, 116, 117, 118, 119, 120, 121, 122, 124, 126, 127, 129, 130, 132, 133, 136, 143, 145, 146, 148, 150, 151, 152, 161, 162, 163, 164, 165, 173, 175, 177, 181], "excluded_lines": [], "functions": {"CompileTimeResult.has_errors": {"executed_lines": [], "summary": {"covered_lines": 0, "num_statements": 1, "percent_covered": 0.0, "percent_covered_display": "0", "missing_lines": 1, "excluded_lines": 0, "percent_statements_covered": 0.0, "percent_statements_covered_display": "0"}, "missing_lines": [31], "excluded_lines": [], "start_line": 29}, "CompileTimeChecker.check": {"executed_lines": [], "summary": {"covered_lines": 0, "num_statements": 20, "percent_covered": 0.0, "percent_covered_display": "0", "missing_lines": 20, "excluded_lines": 0, "percent_statements_covered": 0.0, "percent_statements_covered_display": "0"}, "missing_lines": [50, 53, 54, 55, 56, 58, 59, 60, 67, 70, 71, 72, 74, 75, 76, 85, 86, 88, 89, 91], "excluded_lines": [], "start_line": 40}, "CompileTimeChecker._handle_syntax_error": {"executed_lines": [], "summary": {"covered_lines": 0, "num_statements": 5, "percent_covered": 0.0, "percent_covered_display": "0", "missing_lines": 5, "excluded_lines": 0, "percent_statements_covered": 0.0, "percent_statements_covered_display": "0"}, "missing_lines": [95, 96, 97, 100, 102], "excluded_lines": [], "start_line": 93}, "CompileTimeChecker._get_syntax_suggestion": {"executed_lines": [], "summary": {"covered_lines": 0, "num_statements": 18, "percent_covered": 0.0, "percent_covered_display": "0", "missing_lines": 18, "excluded_lines": 0, "percent_statements_covered": 0.0, "percent_statements_covered_display": "0"}, "missing_lines": [112, 114, 115, 116, 117, 118, 119, 120, 121, 122, 124, 126, 127, 129, 130, 132, 133, 136], "excluded_lines": [], "start_line": 110}, "CompileTimeChecker._check_imports": {"executed_lines": [], "summary": {"covered_lines": 0, "num_statements": 15, "percent_covered": 0.0, "percent_covered_display": "0", "missing_lines": 15, "excluded_lines": 0, "percent_statements_covered": 0.0, "percent_statements_covered_display": "0"}, "missing_lines": [143, 145, 146, 148, 150, 151, 152, 161, 162, 163, 164, 165, 173, 175, 177], "excluded_lines": [], "start_line": 138}, "CompileTimeChecker.to_dict": {"executed_lines": [], "summary": {"covered_lines": 0, "num_statements": 1, "percent_covered": 0.0, "percent_covered_display": "0", "missing_lines": 1, "excluded_lines": 0, "percent_statements_covered": 0.0, "percent_statements_covered_display": "0"}, "missing_lines": [181], "excluded_lines": [], "start_line": 179}, "": {"executed_lines": [6, 7, 8, 9, 12, 13, 22, 23, 28, 29, 34, 40, 93, 110, 138, 179], "summary": {"covered_lines": 16, "num_statements": 16, "percent_covered": 100.0, "percent_covered_display": "100", "missing_lines": 0, "excluded_lines": 0, "percent_statements_covered": 100.0, "percent_statements_covered_display": "100"}, "missing_lines": [], "excluded_lines": [], "start_line": 1}}, "classes": {"CompileError": {"executed_lines": [], "summary": {"covered_lines": 0, "num_statements": 0, "percent_covered": 100.0, "percent_covered_display": "100", "missing_lines": 0, "excluded_lines": 0, "percent_statements_covered": 100.0, "percent_statements_covered_display": "100"}, "missing_lines": [], "excluded_lines": [], "start_line": 13}, "CompileTimeResult": {"executed_lines": [], "summary": {"covered_lines": 0, "num_statements": 1, "percent_covered": 0.0, "percent_covered_display": "0", "missing_lines": 1, "excluded_lines": 0, "percent_statements_covered": 0.0, "percent_statements_covered_display": "0"}, "missing_lines": [31], "excluded_lines": [], "start_line": 23}, "CompileTimeChecker": {"executed_lines": [], "summary": {"covered_lines": 0, "num_statements": 59, "percent_covered": 0.0, "percent_covered_display": "0", "missing_lines": 59, "excluded_lines": 0, "percent_statements_covered": 0.0, "percent_statements_covered_display": "0"}, "missing_lines": [50, 53, 54, 55, 56, 58, 59, 60, 67, 70, 71, 72, 74, 75, 76, 85, 86, 88, 89, 91, 95, 96, 97, 100, 102, 112, 114, 115, 116, 117, 118, 119, 120, 121, 122, 124, 126, 127, 129, 130, 132, 133, 136, 143, 145, 146, 148, 150, 151, 152, 161, 162, 163, 164, 165, 173, 175, 177, 181], "excluded_lines": [], "start_line": 34}, "": {"executed_lines": [6, 7, 8, 9, 12, 13, 22, 23, 28, 29, 34, 40, 93, 110, 138, 179], "summary": {"covered_lines": 16, "num_statements": 16, "percent_covered": 100.0, "percent_covered_display": "100", "missing_lines": 0, "excluded_lines": 0, "percent_statements_covered": 100.0, "percent_statements_covered_display": "100"}, "missing_lines": [], "excluded_lines": [], "start_line": 1}}}, "analyzers/control_flow_analyzer.py": {"executed_lines": [13, 14, 15, 18, 19, 25, 26, 29, 30, 34, 37, 38, 46, 47, 55, 58, 59, 60, 63, 65, 74, 77, 90, 92, 94, 96, 99, 102, 105, 106, 107, 108, 109, 119, 120, 121, 123, 124, 125, 126, 127, 128, 155, 156, 157, 158, 159, 162, 164, 172, 174, 176, 178, 179, 180, 181, 182, 190, 191, 193, 194, 195, 203, 204, 205, 213, 215, 239, 246, 247, 250, 259, 263, 265, 269, 270, 271, 275, 277, 279, 308, 314, 316, 329, 336, 342, 350, 352, 354, 388, 396, 397, 399, 413, 419, 421, 423, 424, 426, 429, 430, 431, 433, 434, 437, 438, 441, 442, 443, 446, 447, 449, 451, 453, 460, 463, 465, 467, 469, 470, 471, 472, 474, 476, 477, 478, 479, 480, 482, 484, 485, 486, 487, 491, 492, 493, 494, 496, 498, 499, 502, 504, 505, 510, 512, 514, 515, 516], "summary": {"covered_lines": 148, "num_statements": 203, "percent_covered": 72.9064039408867, "percent_covered_display": "73", "missing_lines": 55, "excluded_lines": 0, "percent_statements_covered": 72.9064039408867, "percent_statements_covered_display": "73"}, "missing_lines": [61, 116, 130, 132, 133, 134, 136, 144, 147, 148, 151, 152, 206, 217, 219, 220, 221, 222, 224, 226, 227, 228, 229, 235, 237, 251, 260, 267, 272, 281, 282, 284, 285, 290, 295, 296, 301, 306, 337, 338, 339, 360, 361, 363, 378, 386, 488, 489, 490, 500, 506, 507, 508, 509, 517], "excluded_lines": [], "functions": {"ControlFlowResult.to_dict": {"executed_lines": [58, 59, 60, 63, 65], "summary": {"covered_lines": 5, "num_statements": 6, "percent_covered": 83.33333333333333, "percent_covered_display": "83", "missing_lines": 1, "excluded_lines": 0, "percent_statements_covered": 83.33333333333333, "percent_statements_covered_display": "83"}, "missing_lines": [61], "excluded_lines": [], "start_line": 55}, "ControlFlowAnalyzer.analyze": {"executed_lines": [90, 92, 94, 96, 99, 102, 105, 106, 107, 108, 109, 119, 120, 121, 123, 124, 125, 126, 127, 128, 155, 156, 157, 158, 159, 162, 164], "summary": {"covered_lines": 27, "num_statements": 38, "percent_covered": 71.05263157894737, "percent_covered_display": "71", "missing_lines": 11, "excluded_lines": 0, "percent_statements_covered": 71.05263157894737, "percent_statements_covered_display": "71"}, "missing_lines": [116, 130, 132, 133, 134, 136, 144, 147, 148, 151, 152], "excluded_lines": [], "start_line": 77}, "ControlFlowAnalyzer._detect_infinite_loops": {"executed_lines": [174, 176, 178, 179, 180, 181, 182, 190, 191, 193, 194, 195, 203, 204, 205, 213], "summary": {"covered_lines": 16, "num_statements": 17, "percent_covered": 94.11764705882354, "percent_covered_display": "94", "missing_lines": 1, "excluded_lines": 0, "percent_statements_covered": 94.11764705882354, "percent_statements_covered_display": "94"}, "missing_lines": [206], "excluded_lines": [], "start_line": 172}, "ControlFlowAnalyzer._detect_unreachable_code": {"executed_lines": [], "summary": {"covered_lines": 0, "num_statements": 12, "percent_covered": 0.0, "percent_covered_display": "0", "missing_lines": 12, "excluded_lines": 0, "percent_statements_covered": 0.0, "percent_statements_covered_display": "0"}, "missing_lines": [217, 219, 220, 221, 222, 224, 226, 227, 228, 229, 235, 237], "excluded_lines": [], "start_line": 215}, "ControlFlowAnalyzer._generate_graph_for_issue": {"executed_lines": [246, 247, 250, 259, 263, 265, 269, 270, 271, 275, 277], "summary": {"covered_lines": 11, "num_statements": 15, "percent_covered": 73.33333333333333, "percent_covered_display": "73", "missing_lines": 4, "excluded_lines": 0, "percent_statements_covered": 73.33333333333333, "percent_statements_covered_display": "73"}, "missing_lines": [251, 260, 267, 272], "excluded_lines": [], "start_line": 239}, "ControlFlowAnalyzer._generate_generic_graph": {"executed_lines": [], "summary": {"covered_lines": 0, "num_statements": 9, "percent_covered": 0.0, "percent_covered_display": "0", "missing_lines": 9, "excluded_lines": 0, "percent_statements_covered": 0.0, "percent_statements_covered_display": "0"}, "missing_lines": [281, 282, 284, 285, 290, 295, 296, 301, 306], "excluded_lines": [], "start_line": 279}, "ControlFlowAnalyzer._generate_while_loop_graph": {"executed_lines": [314, 316, 329, 336, 342, 350, 352], "summary": {"covered_lines": 7, "num_statements": 10, "percent_covered": 70.0, "percent_covered_display": "70", "missing_lines": 3, "excluded_lines": 0, "percent_statements_covered": 70.0, "percent_statements_covered_display": "70"}, "missing_lines": [337, 338, 339], "excluded_lines": [], "start_line": 308}, "ControlFlowAnalyzer._generate_for_loop_graph": {"executed_lines": [], "summary": {"covered_lines": 0, "num_statements": 5, "percent_covered": 0.0, "percent_covered_display": "0", "missing_lines": 5, "excluded_lines": 0, "percent_statements_covered": 0.0, "percent_statements_covered_display": "0"}, "missing_lines": [360, 361, 363, 378, 386], "excluded_lines": [], "start_line": 354}, "ControlFlowAnalyzer._generate_unreachable_code_graph": {"executed_lines": [396, 397, 399, 413, 419], "summary": {"covered_lines": 5, "num_statements": 5, "percent_covered": 100.0, "percent_covered_display": "100", "missing_lines": 0, "excluded_lines": 0, "percent_statements_covered": 100.0, "percent_statements_covered_display": "100"}, "missing_lines": [], "excluded_lines": [], "start_line": 388}, "ControlFlowAnalyzer._generate_mermaid": {"executed_lines": [423, 424, 426, 429, 430, 431, 433, 434, 437, 438, 441, 442, 443, 446, 447, 449], "summary": {"covered_lines": 16, "num_statements": 16, "percent_covered": 100.0, "percent_covered_display": "100", "missing_lines": 0, "excluded_lines": 0, "percent_statements_covered": 100.0, "percent_statements_covered_display": "100"}, "missing_lines": [], "excluded_lines": [], "start_line": 421}, "ControlFlowAnalyzer._get_mermaid_shape": {"executed_lines": [453, 460], "summary": {"covered_lines": 2, "num_statements": 2, "percent_covered": 100.0, "percent_covered_display": "100", "missing_lines": 0, "excluded_lines": 0, "percent_statements_covered": 100.0, "percent_statements_covered_display": "100"}, "missing_lines": [], "excluded_lines": [], "start_line": 451}, "ControlFlowAnalyzer._is_constant_true": {"executed_lines": [465], "summary": {"covered_lines": 1, "num_statements": 1, "percent_covered": 100.0, "percent_covered_display": "100", "missing_lines": 0, "excluded_lines": 0, "percent_statements_covered": 100.0, "percent_statements_covered_display": "100"}, "missing_lines": [], "excluded_lines": [], "start_line": 463}, "ControlFlowAnalyzer._contains_break": {"executed_lines": [469, 470, 471, 472], "summary": {"covered_lines": 4, "num_statements": 4, "percent_covered": 100.0, "percent_covered_display": "100", "missing_lines": 0, "excluded_lines": 0, "percent_statements_covered": 100.0, "percent_statements_covered_display": "100"}, "missing_lines": [], "excluded_lines": [], "start_line": 467}, "ControlFlowAnalyzer._get_condition_variables": {"executed_lines": [476, 477, 478, 479, 480], "summary": {"covered_lines": 5, "num_statements": 5, "percent_covered": 100.0, "percent_covered_display": "100", "missing_lines": 0, "excluded_lines": 0, "percent_statements_covered": 100.0, "percent_statements_covered_display": "100"}, "missing_lines": [], "excluded_lines": [], "start_line": 474}, "ControlFlowAnalyzer._get_modified_variables": {"executed_lines": [484, 485, 486, 487, 491, 492, 493, 494], "summary": {"covered_lines": 8, "num_statements": 11, "percent_covered": 72.72727272727273, "percent_covered_display": "73", "missing_lines": 3, "excluded_lines": 0, "percent_statements_covered": 72.72727272727273, "percent_statements_covered_display": "73"}, "missing_lines": [488, 489, 490], "excluded_lines": [], "start_line": 482}, "ControlFlowAnalyzer._get_target_name": {"executed_lines": [498, 499], "summary": {"covered_lines": 2, "num_statements": 3, "percent_covered": 66.66666666666667, "percent_covered_display": "67", "missing_lines": 1, "excluded_lines": 0, "percent_statements_covered": 66.66666666666667, "percent_statements_covered_display": "67"}, "missing_lines": [500], "excluded_lines": [], "start_line": 496}, "ControlFlowAnalyzer._is_target_overwritten_with_constant": {"executed_lines": [504, 505, 510], "summary": {"covered_lines": 3, "num_statements": 7, "percent_covered": 42.857142857142854, "percent_covered_display": "43", "missing_lines": 4, "excluded_lines": 0, "percent_statements_covered": 42.857142857142854, "percent_statements_covered_display": "43"}, "missing_lines": [506, 507, 508, 509], "excluded_lines": [], "start_line": 502}, "ControlFlowAnalyzer._find_node_at_line": {"executed_lines": [514, 515, 516], "summary": {"covered_lines": 3, "num_statements": 4, "percent_covered": 75.0, "percent_covered_display": "75", "missing_lines": 1, "excluded_lines": 0, "percent_statements_covered": 75.0, "percent_statements_covered_display": "75"}, "missing_lines": [517], "excluded_lines": [], "start_line": 512}, "": {"executed_lines": [13, 14, 15, 18, 19, 25, 26, 29, 30, 34, 37, 38, 46, 47, 55, 74, 77, 172, 215, 239, 279, 308, 354, 388, 421, 451, 463, 467, 474, 482, 496, 502, 512], "summary": {"covered_lines": 33, "num_statements": 33, "percent_covered": 100.0, "percent_covered_display": "100", "missing_lines": 0, "excluded_lines": 0, "percent_statements_covered": 100.0, "percent_statements_covered_display": "100"}, "missing_lines": [], "excluded_lines": [], "start_line": 1}}, "classes": {"CFGNode": {"executed_lines": [], "summary": {"covered_lines": 0, "num_statements": 0, "percent_covered": 100.0, "percent_covered_display": "100", "missing_lines": 0, "excluded_lines": 0, "percent_statements_covered": 100.0, "percent_statements_covered_display": "100"}, "missing_lines": [], "excluded_lines": [], "start_line": 19}, "CFGEdge": {"executed_lines": [], "summary": {"covered_lines": 0, "num_statements": 0, "percent_covered": 100.0, "percent_covered_display": "100", "missing_lines": 0, "excluded_lines": 0, "percent_statements_covered": 100.0, "percent_statements_covered_display": "100"}, "missing_lines": [], "excluded_lines": [], "start_line": 30}, "ControlFlowIssue": {"executed_lines": [], "summary": {"covered_lines": 0, "num_statements": 0, "percent_covered": 100.0, "percent_covered_display": "100", "missing_lines": 0, "excluded_lines": 0, "percent_statements_covered": 100.0, "percent_statements_covered_display": "100"}, "missing_lines": [], "excluded_lines": [], "start_line": 38}, "ControlFlowResult": {"executed_lines": [58, 59, 60, 63, 65], "summary": {"covered_lines": 5, "num_statements": 6, "percent_covered": 83.33333333333333, "percent_covered_display": "83", "missing_lines": 1, "excluded_lines": 0, "percent_statements_covered": 83.33333333333333, "percent_statements_covered_display": "83"}, "missing_lines": [61], "excluded_lines": [], "start_line": 47}, "ControlFlowAnalyzer": {"executed_lines": [90, 92, 94, 96, 99, 102, 105, 106, 107, 108, 109, 119, 120, 121, 123, 124, 125, 126, 127, 128, 155, 156, 157, 158, 159, 162, 164, 174, 176, 178, 179, 180, 181, 182, 190, 191, 193, 194, 195, 203, 204, 205, 213, 246, 247, 250, 259, 263, 265, 269, 270, 271, 275, 277, 314, 316, 329, 336, 342, 350, 352, 396, 397, 399, 413, 419, 423, 424, 426, 429, 430, 431, 433, 434, 437, 438, 441, 442, 443, 446, 447, 449, 453, 460, 465, 469, 470, 471, 472, 476, 477, 478, 479, 480, 484, 485, 486, 487, 491, 492, 493, 494, 498, 499, 504, 505, 510, 514, 515, 516], "summary": {"covered_lines": 110, "num_statements": 164, "percent_covered": 67.07317073170732, "percent_covered_display": "67", "missing_lines": 54, "excluded_lines": 0, "percent_statements_covered": 67.07317073170732, "percent_statements_covered_display": "67"}, "missing_lines": [116, 130, 132, 133, 134, 136, 144, 147, 148, 151, 152, 206, 217, 219, 220, 221, 222, 224, 226, 227, 228, 229, 235, 237, 251, 260, 267, 272, 281, 282, 284, 285, 290, 295, 296, 301, 306, 337, 338, 339, 360, 361, 363, 378, 386, 488, 489, 490, 500, 506, 507, 508, 509, 517], "excluded_lines": [], "start_line": 74}, "": {"executed_lines": [13, 14, 15, 18, 19, 25, 26, 29, 30, 34, 37, 38, 46, 47, 55, 74, 77, 172, 215, 239, 279, 308, 354, 388, 421, 451, 463, 467, 474, 482, 496, 502, 512], "summary": {"covered_lines": 33, "num_statements": 33, "percent_covered": 100.0, "percent_covered_display": "100", "missing_lines": 0, "excluded_lines": 0, "percent_statements_covered": 100.0, "percent_statements_covered_display": "100"}, "missing_lines": [], "excluded_lines": [], "start_line": 1}}}, "analyzers/feature_extractor.py": {"executed_lines": [16, 17, 18, 21, 22, 31, 32, 33, 36, 37, 42, 43, 44, 45, 46, 49, 50, 52, 53, 54, 55, 56, 58, 81, 95, 104, 114, 115, 116, 117, 119, 120, 123, 126, 127, 128, 129, 130, 131, 132, 133, 134, 136, 137, 143, 145, 146, 147, 148, 149, 150, 151, 152, 153, 154, 155, 156, 157, 158, 160, 162, 169, 175, 177, 178, 179, 180, 181, 184, 185, 186, 187, 189, 190, 191, 195, 197, 205, 206, 208, 214, 219, 220, 221, 223, 236, 242, 243, 244, 246, 247, 249, 250, 252, 254, 255, 256, 258, 259, 261, 262, 263, 265, 272, 273, 274, 276, 277, 278, 279, 280, 281, 282, 284, 286, 287, 288, 289, 290, 294], "summary": {"covered_lines": 120, "num_statements": 125, "percent_covered": 96.0, "percent_covered_display": "96", "missing_lines": 5, "excluded_lines": 0, "percent_statements_covered": 96.0, "percent_statements_covered_display": "96"}, "missing_lines": [60, 82, 283, 285, 292], "excluded_lines": [], "functions": {"FileFeatures.to_dict": {"executed_lines": [], "summary": {"covered_lines": 0, "num_statements": 1, "percent_covered": 0.0, "percent_covered_display": "0", "missing_lines": 1, "excluded_lines": 0, "percent_statements_covered": 0.0, "percent_statements_covered_display": "0"}, "missing_lines": [60], "excluded_lines": [], "start_line": 58}, "_method_to_dict": {"executed_lines": [], "summary": {"covered_lines": 0, "num_statements": 1, "percent_covered": 0.0, "percent_covered_display": "0", "missing_lines": 1, "excluded_lines": 0, "percent_statements_covered": 0.0, "percent_statements_covered_display": "0"}, "missing_lines": [82], "excluded_lines": [], "start_line": 81}, "FeatureExtractor.extract": {"executed_lines": [114, 115, 116, 117, 119, 120, 123, 126, 127, 128, 129, 130, 131, 132, 133, 134, 136, 137], "summary": {"covered_lines": 18, "num_statements": 18, "percent_covered": 100.0, "percent_covered_display": "100", "missing_lines": 0, "excluded_lines": 0, "percent_statements_covered": 100.0, "percent_statements_covered_display": "100"}, "missing_lines": [], "excluded_lines": [], "start_line": 104}, "FeatureExtractor._collect_imports": {"executed_lines": [145, 146, 147, 148, 149, 150, 151, 152, 153, 154, 155, 156, 157, 158], "summary": {"covered_lines": 14, "num_statements": 14, "percent_covered": 100.0, "percent_covered_display": "100", "missing_lines": 0, "excluded_lines": 0, "percent_statements_covered": 100.0, "percent_statements_covered_display": "100"}, "missing_lines": [], "excluded_lines": [], "start_line": 143}, "FeatureExtractor._extract_class": {"executed_lines": [162, 169, 175, 177, 178, 179, 180, 181, 184, 185, 186, 187, 189, 190, 191, 195], "summary": {"covered_lines": 16, "num_statements": 16, "percent_covered": 100.0, "percent_covered_display": "100", "missing_lines": 0, "excluded_lines": 0, "percent_statements_covered": 100.0, "percent_statements_covered_display": "100"}, "missing_lines": [], "excluded_lines": [], "start_line": 160}, "FeatureExtractor._extract_function": {"executed_lines": [205, 206, 208, 214, 219, 220, 221, 223], "summary": {"covered_lines": 8, "num_statements": 8, "percent_covered": 100.0, "percent_covered_display": "100", "missing_lines": 0, "excluded_lines": 0, "percent_statements_covered": 100.0, "percent_statements_covered_display": "100"}, "missing_lines": [], "excluded_lines": [], "start_line": 197}, "FeatureExtractor._cyclomatic_complexity": {"executed_lines": [242, 243, 244, 246, 247, 249, 250], "summary": {"covered_lines": 7, "num_statements": 7, "percent_covered": 100.0, "percent_covered_display": "100", "missing_lines": 0, "excluded_lines": 0, "percent_statements_covered": 100.0, "percent_statements_covered_display": "100"}, "missing_lines": [], "excluded_lines": [], "start_line": 236}, "FeatureExtractor._max_nesting": {"executed_lines": [254, 255, 256, 258, 259, 261, 262, 263], "summary": {"covered_lines": 8, "num_statements": 8, "percent_covered": 100.0, "percent_covered_display": "100", "missing_lines": 0, "excluded_lines": 0, "percent_statements_covered": 100.0, "percent_statements_covered_display": "100"}, "missing_lines": [], "excluded_lines": [], "start_line": 252}, "FeatureExtractor._count_calls": {"executed_lines": [272, 273, 274, 276, 277, 278, 279, 280, 281, 282, 284, 286, 287, 288, 289, 290, 294], "summary": {"covered_lines": 17, "num_statements": 20, "percent_covered": 85.0, "percent_covered_display": "85", "missing_lines": 3, "excluded_lines": 0, "percent_statements_covered": 85.0, "percent_statements_covered_display": "85"}, "missing_lines": [283, 285, 292], "excluded_lines": [], "start_line": 265}, "": {"executed_lines": [16, 17, 18, 21, 22, 31, 32, 33, 36, 37, 42, 43, 44, 45, 46, 49, 50, 52, 53, 54, 55, 56, 58, 81, 95, 104, 143, 160, 197, 236, 252, 265], "summary": {"covered_lines": 32, "num_statements": 32, "percent_covered": 100.0, "percent_covered_display": "100", "missing_lines": 0, "excluded_lines": 0, "percent_statements_covered": 100.0, "percent_statements_covered_display": "100"}, "missing_lines": [], "excluded_lines": [], "start_line": 1}}, "classes": {"MethodFeatures": {"executed_lines": [], "summary": {"covered_lines": 0, "num_statements": 0, "percent_covered": 100.0, "percent_covered_display": "100", "missing_lines": 0, "excluded_lines": 0, "percent_statements_covered": 100.0, "percent_statements_covered_display": "100"}, "missing_lines": [], "excluded_lines": [], "start_line": 22}, "ClassFeatures": {"executed_lines": [], "summary": {"covered_lines": 0, "num_statements": 0, "percent_covered": 100.0, "percent_covered_display": "100", "missing_lines": 0, "excluded_lines": 0, "percent_statements_covered": 100.0, "percent_statements_covered_display": "100"}, "missing_lines": [], "excluded_lines": [], "start_line": 37}, "FileFeatures": {"executed_lines": [], "summary": {"covered_lines": 0, "num_statements": 1, "percent_covered": 0.0, "percent_covered_display": "0", "missing_lines": 1, "excluded_lines": 0, "percent_statements_covered": 0.0, "percent_statements_covered_display": "0"}, "missing_lines": [60], "excluded_lines": [], "start_line": 50}, "FeatureExtractor": {"executed_lines": [114, 115, 116, 117, 119, 120, 123, 126, 127, 128, 129, 130, 131, 132, 133, 134, 136, 137, 145, 146, 147, 148, 149, 150, 151, 152, 153, 154, 155, 156, 157, 158, 162, 169, 175, 177, 178, 179, 180, 181, 184, 185, 186, 187, 189, 190, 191, 195, 205, 206, 208, 214, 219, 220, 221, 223, 242, 243, 244, 246, 247, 249, 250, 254, 255, 256, 258, 259, 261, 262, 263, 272, 273, 274, 276, 277, 278, 279, 280, 281, 282, 284, 286, 287, 288, 289, 290, 294], "summary": {"covered_lines": 88, "num_statements": 91, "percent_covered": 96.7032967032967, "percent_covered_display": "97", "missing_lines": 3, "excluded_lines": 0, "percent_statements_covered": 96.7032967032967, "percent_statements_covered_display": "97"}, "missing_lines": [283, 285, 292], "excluded_lines": [], "start_line": 95}, "": {"executed_lines": [16, 17, 18, 21, 22, 31, 32, 33, 36, 37, 42, 43, 44, 45, 46, 49, 50, 52, 53, 54, 55, 56, 58, 81, 95, 104, 143, 160, 197, 236, 252, 265], "summary": {"covered_lines": 32, "num_statements": 33, "percent_covered": 96.96969696969697, "percent_covered_display": "97", "missing_lines": 1, "excluded_lines": 0, "percent_statements_covered": 96.96969696969697, "percent_statements_covered_display": "97"}, "missing_lines": [82], "excluded_lines": [], "start_line": 1}}}, "analyzers/logic_analyzer.py": {"executed_lines": [6, 7, 10, 16, 25], "summary": {"covered_lines": 5, "num_statements": 14, "percent_covered": 35.714285714285715, "percent_covered_display": "36", "missing_lines": 9, "excluded_lines": 0, "percent_statements_covered": 35.714285714285715, "percent_statements_covered_display": "36"}, "missing_lines": [23, 35, 36, 38, 39, 40, 42, 43, 44], "excluded_lines": [], "functions": {"LogicAnalyzer.__init__": {"executed_lines": [], "summary": {"covered_lines": 0, "num_statements": 1, "percent_covered": 0.0, "percent_covered_display": "0", "missing_lines": 1, "excluded_lines": 0, "percent_statements_covered": 0.0, "percent_statements_covered_display": "0"}, "missing_lines": [23], "excluded_lines": [], "start_line": 16}, "LogicAnalyzer.analyze": {"executed_lines": [], "summary": {"covered_lines": 0, "num_statements": 8, "percent_covered": 0.0, "percent_covered_display": "0", "missing_lines": 8, "excluded_lines": 0, "percent_statements_covered": 0.0, "percent_statements_covered_display": "0"}, "missing_lines": [35, 36, 38, 39, 40, 42, 43, 44], "excluded_lines": [], "start_line": 25}, "": {"executed_lines": [6, 7, 10, 16, 25], "summary": {"covered_lines": 5, "num_statements": 5, "percent_covered": 100.0, "percent_covered_display": "100", "missing_lines": 0, "excluded_lines": 0, "percent_statements_covered": 100.0, "percent_statements_covered_display": "100"}, "missing_lines": [], "excluded_lines": [], "start_line": 1}}, "classes": {"LogicAnalyzer": {"executed_lines": [], "summary": {"covered_lines": 0, "num_statements": 9, "percent_covered": 0.0, "percent_covered_display": "0", "missing_lines": 9, "excluded_lines": 0, "percent_statements_covered": 0.0, "percent_statements_covered_display": "0"}, "missing_lines": [23, 35, 36, 38, 39, 40, 42, 43, 44], "excluded_lines": [], "start_line": 10}, "": {"executed_lines": [6, 7, 10, 16, 25], "summary": {"covered_lines": 5, "num_statements": 5, "percent_covered": 100.0, "percent_covered_display": "100", "missing_lines": 0, "excluded_lines": 0, "percent_statements_covered": 100.0, "percent_statements_covered_display": "100"}, "missing_lines": [], "excluded_lines": [], "start_line": 1}}}, "analyzers/optimization_analyzer.py": {"executed_lines": [6, 7, 8, 11, 17, 26, 61, 94, 122, 147, 167], "summary": {"covered_lines": 11, "num_statements": 68, "percent_covered": 16.176470588235293, "percent_covered_display": "16", "missing_lines": 57, "excluded_lines": 0, "percent_statements_covered": 16.176470588235293, "percent_statements_covered_display": "16"}, "missing_lines": [24, 36, 39, 40, 43, 44, 45, 46, 47, 48, 51, 52, 53, 54, 55, 56, 57, 59, 71, 73, 74, 77, 80, 83, 86, 88, 90, 92, 96, 97, 99, 100, 102, 103, 107, 108, 109, 112, 120, 124, 126, 127, 129, 133, 134, 137, 145, 149, 151, 152, 154, 155, 156, 163, 165, 169, 174], "excluded_lines": [], "functions": {"OptimizationAnalyzer.__init__": {"executed_lines": [], "summary": {"covered_lines": 0, "num_statements": 1, "percent_covered": 0.0, "percent_covered_display": "0", "missing_lines": 1, "excluded_lines": 0, "percent_statements_covered": 0.0, "percent_statements_covered_display": "0"}, "missing_lines": [24], "excluded_lines": [], "start_line": 17}, "OptimizationAnalyzer.suggest": {"executed_lines": [], "summary": {"covered_lines": 0, "num_statements": 17, "percent_covered": 0.0, "percent_covered_display": "0", "missing_lines": 17, "excluded_lines": 0, "percent_statements_covered": 0.0, "percent_statements_covered_display": "0"}, "missing_lines": [36, 39, 40, 43, 44, 45, 46, 47, 48, 51, 52, 53, 54, 55, 56, 57, 59], "excluded_lines": [], "start_line": 26}, "OptimizationAnalyzer._heuristic_checks": {"executed_lines": [], "summary": {"covered_lines": 0, "num_statements": 10, "percent_covered": 0.0, "percent_covered_display": "0", "missing_lines": 10, "excluded_lines": 0, "percent_statements_covered": 0.0, "percent_statements_covered_display": "0"}, "missing_lines": [71, 73, 74, 77, 80, 83, 86, 88, 90, 92], "excluded_lines": [], "start_line": 61}, "OptimizationAnalyzer._check_range_len": {"executed_lines": [], "summary": {"covered_lines": 0, "num_statements": 11, "percent_covered": 0.0, "percent_covered_display": "0", "missing_lines": 11, "excluded_lines": 0, "percent_statements_covered": 0.0, "percent_statements_covered_display": "0"}, "missing_lines": [96, 97, 99, 100, 102, 103, 107, 108, 109, 112, 120], "excluded_lines": [], "start_line": 94}, "OptimizationAnalyzer._check_list_comprehension": {"executed_lines": [], "summary": {"covered_lines": 0, "num_statements": 8, "percent_covered": 0.0, "percent_covered_display": "0", "missing_lines": 8, "excluded_lines": 0, "percent_statements_covered": 0.0, "percent_statements_covered_display": "0"}, "missing_lines": [124, 126, 127, 129, 133, 134, 137, 145], "excluded_lines": [], "start_line": 122}, "OptimizationAnalyzer._check_nested_loops": {"executed_lines": [], "summary": {"covered_lines": 0, "num_statements": 8, "percent_covered": 0.0, "percent_covered_display": "0", "missing_lines": 8, "excluded_lines": 0, "percent_statements_covered": 0.0, "percent_statements_covered_display": "0"}, "missing_lines": [149, 151, 152, 154, 155, 156, 163, 165], "excluded_lines": [], "start_line": 147}, "OptimizationAnalyzer._check_membership_testing": {"executed_lines": [], "summary": {"covered_lines": 0, "num_statements": 2, "percent_covered": 0.0, "percent_covered_display": "0", "missing_lines": 2, "excluded_lines": 0, "percent_statements_covered": 0.0, "percent_statements_covered_display": "0"}, "missing_lines": [169, 174], "excluded_lines": [], "start_line": 167}, "": {"executed_lines": [6, 7, 8, 11, 17, 26, 61, 94, 122, 147, 167], "summary": {"covered_lines": 11, "num_statements": 11, "percent_covered": 100.0, "percent_covered_display": "100", "missing_lines": 0, "excluded_lines": 0, "percent_statements_covered": 100.0, "percent_statements_covered_display": "100"}, "missing_lines": [], "excluded_lines": [], "start_line": 1}}, "classes": {"OptimizationAnalyzer": {"executed_lines": [], "summary": {"covered_lines": 0, "num_statements": 57, "percent_covered": 0.0, "percent_covered_display": "0", "missing_lines": 57, "excluded_lines": 0, "percent_statements_covered": 0.0, "percent_statements_covered_display": "0"}, "missing_lines": [24, 36, 39, 40, 43, 44, 45, 46, 47, 48, 51, 52, 53, 54, 55, 56, 57, 59, 71, 73, 74, 77, 80, 83, 86, 88, 90, 92, 96, 97, 99, 100, 102, 103, 107, 108, 109, 112, 120, 124, 126, 127, 129, 133, 134, 137, 145, 149, 151, 152, 154, 155, 156, 163, 165, 169, 174], "excluded_lines": [], "start_line": 11}, "": {"executed_lines": [6, 7, 8, 11, 17, 26, 61, 94, 122, 147, 167], "summary": {"covered_lines": 11, "num_statements": 11, "percent_covered": 100.0, "percent_covered_display": "100", "missing_lines": 0, "excluded_lines": 0, "percent_statements_covered": 100.0, "percent_statements_covered_display": "100"}, "missing_lines": [], "excluded_lines": [], "start_line": 1}}}, "analyzers/smell_detector.py": {"executed_lines": [19, 20, 21, 22, 27, 39, 40, 56, 68, 69, 71, 81, 82, 83, 85, 88, 89, 92, 93, 94, 95, 98, 99, 101, 103, 107, 110, 111, 114, 115, 116, 117, 131, 132, 133, 134, 148, 149, 150, 151, 165, 166, 167, 168, 182, 183, 184, 185, 186, 187, 188, 189, 202, 206, 207, 210, 211, 212, 213, 227, 243, 248, 253, 256, 257], "summary": {"covered_lines": 65, "num_statements": 68, "percent_covered": 95.58823529411765, "percent_covered_display": "96", "missing_lines": 3, "excluded_lines": 0, "percent_statements_covered": 95.58823529411765, "percent_statements_covered_display": "96"}, "missing_lines": [228, 229, 230], "excluded_lines": [], "functions": {"SmellDetector.__init__": {"executed_lines": [69], "summary": {"covered_lines": 1, "num_statements": 1, "percent_covered": 100.0, "percent_covered_display": "100", "missing_lines": 0, "excluded_lines": 0, "percent_statements_covered": 100.0, "percent_statements_covered_display": "100"}, "missing_lines": [], "excluded_lines": [], "start_line": 68}, "SmellDetector.detect": {"executed_lines": [81, 82, 83, 85, 88, 89, 92, 93, 94, 95, 98, 99], "summary": {"covered_lines": 12, "num_statements": 12, "percent_covered": 100.0, "percent_covered_display": "100", "missing_lines": 0, "excluded_lines": 0, "percent_statements_covered": 100.0, "percent_statements_covered_display": "100"}, "missing_lines": [], "excluded_lines": [], "start_line": 71}, "SmellDetector.detect_to_dict": {"executed_lines": [103], "summary": {"covered_lines": 1, "num_statements": 1, "percent_covered": 100.0, "percent_covered_display": "100", "missing_lines": 0, "excluded_lines": 0, "percent_statements_covered": 100.0, "percent_statements_covered_display": "100"}, "missing_lines": [], "excluded_lines": [], "start_line": 101}, "SmellDetector._check_method_smells": {"executed_lines": [110, 111, 114, 115, 116, 117, 131, 132, 133, 134, 148, 149, 150, 151, 165, 166, 167, 168, 182, 183, 184, 185, 186, 187, 188, 189, 202], "summary": {"covered_lines": 27, "num_statements": 27, "percent_covered": 100.0, "percent_covered_display": "100", "missing_lines": 0, "excluded_lines": 0, "percent_statements_covered": 100.0, "percent_statements_covered_display": "100"}, "missing_lines": [], "excluded_lines": [], "start_line": 107}, "SmellDetector._check_class_smells": {"executed_lines": [207, 210, 211, 212, 213, 227, 243], "summary": {"covered_lines": 7, "num_statements": 10, "percent_covered": 70.0, "percent_covered_display": "70", "missing_lines": 3, "excluded_lines": 0, "percent_statements_covered": 70.0, "percent_statements_covered_display": "70"}, "missing_lines": [228, 229, 230], "excluded_lines": [], "start_line": 206}, "_sigmoid": {"executed_lines": [253], "summary": {"covered_lines": 1, "num_statements": 1, "percent_covered": 100.0, "percent_covered_display": "100", "missing_lines": 0, "excluded_lines": 0, "percent_statements_covered": 100.0, "percent_statements_covered_display": "100"}, "missing_lines": [], "excluded_lines": [], "start_line": 248}, "_smell_to_dict": {"executed_lines": [257], "summary": {"covered_lines": 1, "num_statements": 1, "percent_covered": 100.0, "percent_covered_display": "100", "missing_lines": 0, "excluded_lines": 0, "percent_statements_covered": 100.0, "percent_statements_covered_display": "100"}, "missing_lines": [], "excluded_lines": [], "start_line": 256}, "": {"executed_lines": [19, 20, 21, 22, 27, 39, 40, 56, 68, 71, 101, 107, 206, 248, 256], "summary": {"covered_lines": 15, "num_statements": 15, "percent_covered": 100.0, "percent_covered_display": "100", "missing_lines": 0, "excluded_lines": 0, "percent_statements_covered": 100.0, "percent_statements_covered_display": "100"}, "missing_lines": [], "excluded_lines": [], "start_line": 1}}, "classes": {"SmellResult": {"executed_lines": [], "summary": {"covered_lines": 0, "num_statements": 0, "percent_covered": 100.0, "percent_covered_display": "100", "missing_lines": 0, "excluded_lines": 0, "percent_statements_covered": 100.0, "percent_statements_covered_display": "100"}, "missing_lines": [], "excluded_lines": [], "start_line": 40}, "SmellDetector": {"executed_lines": [69, 81, 82, 83, 85, 88, 89, 92, 93, 94, 95, 98, 99, 103, 110, 111, 114, 115, 116, 117, 131, 132, 133, 134, 148, 149, 150, 151, 165, 166, 167, 168, 182, 183, 184, 185, 186, 187, 188, 189, 202, 207, 210, 211, 212, 213, 227, 243], "summary": {"covered_lines": 48, "num_statements": 51, "percent_covered": 94.11764705882354, "percent_covered_display": "94", "missing_lines": 3, "excluded_lines": 0, "percent_statements_covered": 94.11764705882354, "percent_statements_covered_display": "94"}, "missing_lines": [228, 229, 230], "excluded_lines": [], "start_line": 56}, "": {"executed_lines": [19, 20, 21, 22, 27, 39, 40, 56, 68, 71, 101, 107, 206, 248, 253, 256, 257], "summary": {"covered_lines": 17, "num_statements": 17, "percent_covered": 100.0, "percent_covered_display": "100", "missing_lines": 0, "excluded_lines": 0, "percent_statements_covered": 100.0, "percent_statements_covered_display": "100"}, "missing_lines": [], "excluded_lines": [], "start_line": 1}}}, "analyzers/universal_ast_analyzer.py": {"executed_lines": [10, 11, 12, 15, 16, 17, 22, 23, 28, 31, 41, 49, 56, 57, 59, 62, 72, 73, 74, 75, 79, 81, 82, 83, 84, 85, 95, 97, 100, 101, 102, 103, 104, 114, 124, 125, 131, 133, 134, 135, 136, 138, 140, 141, 143, 144, 145, 146, 153, 155, 217, 237, 239, 241, 243, 244, 245, 246, 248, 258, 259, 265, 267, 268, 269, 270, 272, 274, 275, 276, 277, 278, 279, 280, 281, 282, 288, 290, 292], "summary": {"covered_lines": 79, "num_statements": 176, "percent_covered": 44.88636363636363, "percent_covered_display": "45", "missing_lines": 97, "excluded_lines": 0, "percent_statements_covered": 44.88636363636363, "percent_statements_covered_display": "45"}, "missing_lines": [18, 19, 60, 77, 98, 126, 127, 129, 157, 158, 160, 161, 162, 163, 165, 167, 169, 170, 172, 175, 176, 178, 180, 181, 182, 183, 191, 192, 195, 196, 197, 198, 206, 207, 208, 209, 210, 211, 212, 214, 215, 219, 220, 222, 223, 226, 227, 228, 229, 230, 231, 232, 233, 235, 260, 261, 263, 294, 295, 297, 298, 299, 300, 302, 304, 306, 307, 309, 310, 311, 313, 314, 315, 316, 317, 318, 319, 325, 327, 329, 330, 332, 335, 336, 337, 338, 341, 342, 345, 346, 347, 348, 349, 350, 351, 353, 354], "excluded_lines": [], "functions": {"UniversalASTAnalyzer.__init__": {"executed_lines": [56, 57, 59], "summary": {"covered_lines": 3, "num_statements": 4, "percent_covered": 75.0, "percent_covered_display": "75", "missing_lines": 1, "excluded_lines": 0, "percent_statements_covered": 75.0, "percent_statements_covered_display": "75"}, "missing_lines": [60], "excluded_lines": [], "start_line": 49}, "UniversalASTAnalyzer.check_syntax": {"executed_lines": [72, 73, 74, 75], "summary": {"covered_lines": 4, "num_statements": 5, "percent_covered": 80.0, "percent_covered_display": "80", "missing_lines": 1, "excluded_lines": 0, "percent_statements_covered": 80.0, "percent_statements_covered_display": "80"}, "missing_lines": [77], "excluded_lines": [], "start_line": 62}, "UniversalASTAnalyzer._check_python_syntax": {"executed_lines": [81, 82, 83, 84, 85], "summary": {"covered_lines": 5, "num_statements": 5, "percent_covered": 100.0, "percent_covered_display": "100", "missing_lines": 0, "excluded_lines": 0, "percent_statements_covered": 100.0, "percent_statements_covered_display": "100"}, "missing_lines": [], "excluded_lines": [], "start_line": 79}, "UniversalASTAnalyzer._check_javascript_syntax": {"executed_lines": [97, 100, 101, 102, 103, 104], "summary": {"covered_lines": 6, "num_statements": 7, "percent_covered": 85.71428571428571, "percent_covered_display": "86", "missing_lines": 1, "excluded_lines": 0, "percent_statements_covered": 85.71428571428571, "percent_statements_covered_display": "86"}, "missing_lines": [98], "excluded_lines": [], "start_line": 95}, "UniversalASTAnalyzer.find_infinite_loops": {"executed_lines": [124, 125], "summary": {"covered_lines": 2, "num_statements": 5, "percent_covered": 40.0, "percent_covered_display": "40", "missing_lines": 3, "excluded_lines": 0, "percent_statements_covered": 40.0, "percent_statements_covered_display": "40"}, "missing_lines": [126, 127, 129], "excluded_lines": [], "start_line": 114}, "UniversalASTAnalyzer._find_python_infinite_loops": {"executed_lines": [133, 134, 135, 136, 138, 140, 141, 143, 144, 145, 146, 153], "summary": {"covered_lines": 12, "num_statements": 12, "percent_covered": 100.0, "percent_covered_display": "100", "missing_lines": 0, "excluded_lines": 0, "percent_statements_covered": 100.0, "percent_statements_covered_display": "100"}, "missing_lines": [], "excluded_lines": [], "start_line": 131}, "UniversalASTAnalyzer._find_javascript_infinite_loops": {"executed_lines": [], "summary": {"covered_lines": 0, "num_statements": 10, "percent_covered": 0.0, "percent_covered_display": "0", "missing_lines": 10, "excluded_lines": 0, "percent_statements_covered": 0.0, "percent_statements_covered_display": "0"}, "missing_lines": [157, 158, 160, 161, 162, 163, 165, 167, 214, 215], "excluded_lines": [], "start_line": 155}, "UniversalASTAnalyzer._find_javascript_infinite_loops.traverse": {"executed_lines": [], "summary": {"covered_lines": 0, "num_statements": 23, "percent_covered": 0.0, "percent_covered_display": "0", "missing_lines": 23, "excluded_lines": 0, "percent_statements_covered": 0.0, "percent_statements_covered_display": "0"}, "missing_lines": [169, 170, 172, 175, 176, 178, 180, 181, 182, 183, 191, 192, 195, 196, 197, 198, 206, 207, 208, 209, 210, 211, 212], "excluded_lines": [], "start_line": 167}, "UniversalASTAnalyzer._js_has_break": {"executed_lines": [], "summary": {"covered_lines": 0, "num_statements": 13, "percent_covered": 0.0, "percent_covered_display": "0", "missing_lines": 13, "excluded_lines": 0, "percent_statements_covered": 0.0, "percent_statements_covered_display": "0"}, "missing_lines": [219, 220, 222, 223, 226, 227, 228, 229, 230, 231, 232, 233, 235], "excluded_lines": [], "start_line": 217}, "UniversalASTAnalyzer._is_constant_true": {"executed_lines": [239], "summary": {"covered_lines": 1, "num_statements": 1, "percent_covered": 100.0, "percent_covered_display": "100", "missing_lines": 0, "excluded_lines": 0, "percent_statements_covered": 100.0, "percent_statements_covered_display": "100"}, "missing_lines": [], "excluded_lines": [], "start_line": 237}, "UniversalASTAnalyzer._contains_break": {"executed_lines": [243, 244, 245, 246], "summary": {"covered_lines": 4, "num_statements": 4, "percent_covered": 100.0, "percent_covered_display": "100", "missing_lines": 0, "excluded_lines": 0, "percent_statements_covered": 100.0, "percent_statements_covered_display": "100"}, "missing_lines": [], "excluded_lines": [], "start_line": 241}, "UniversalASTAnalyzer.find_unreachable_code": {"executed_lines": [258, 259], "summary": {"covered_lines": 2, "num_statements": 5, "percent_covered": 40.0, "percent_covered_display": "40", "missing_lines": 3, "excluded_lines": 0, "percent_statements_covered": 40.0, "percent_statements_covered_display": "40"}, "missing_lines": [260, 261, 263], "excluded_lines": [], "start_line": 248}, "UniversalASTAnalyzer._find_python_unreachable": {"executed_lines": [267, 268, 269, 270, 272, 274, 275, 276, 277, 278, 279, 280, 281, 282, 288, 290], "summary": {"covered_lines": 16, "num_statements": 16, "percent_covered": 100.0, "percent_covered_display": "100", "missing_lines": 0, "excluded_lines": 0, "percent_statements_covered": 100.0, "percent_statements_covered_display": "100"}, "missing_lines": [], "excluded_lines": [], "start_line": 265}, "UniversalASTAnalyzer._find_javascript_unreachable": {"executed_lines": [], "summary": {"covered_lines": 0, "num_statements": 11, "percent_covered": 0.0, "percent_covered_display": "0", "missing_lines": 11, "excluded_lines": 0, "percent_statements_covered": 0.0, "percent_statements_covered_display": "0"}, "missing_lines": [294, 295, 297, 298, 299, 300, 302, 304, 327, 353, 354], "excluded_lines": [], "start_line": 292}, "UniversalASTAnalyzer._find_javascript_unreachable.check_block": {"executed_lines": [], "summary": {"covered_lines": 0, "num_statements": 13, "percent_covered": 0.0, "percent_covered_display": "0", "missing_lines": 13, "excluded_lines": 0, "percent_statements_covered": 0.0, "percent_statements_covered_display": "0"}, "missing_lines": [306, 307, 309, 310, 311, 313, 314, 315, 316, 317, 318, 319, 325], "excluded_lines": [], "start_line": 304}, "UniversalASTAnalyzer._find_javascript_unreachable.traverse": {"executed_lines": [], "summary": {"covered_lines": 0, "num_statements": 16, "percent_covered": 0.0, "percent_covered_display": "0", "missing_lines": 16, "excluded_lines": 0, "percent_statements_covered": 0.0, "percent_statements_covered_display": "0"}, "missing_lines": [329, 330, 332, 335, 336, 337, 338, 341, 342, 345, 346, 347, 348, 349, 350, 351], "excluded_lines": [], "start_line": 327}, "": {"executed_lines": [10, 11, 12, 15, 16, 17, 22, 23, 28, 31, 41, 49, 62, 79, 95, 114, 131, 155, 217, 237, 241, 248, 265, 292], "summary": {"covered_lines": 24, "num_statements": 26, "percent_covered": 92.3076923076923, "percent_covered_display": "92", "missing_lines": 2, "excluded_lines": 0, "percent_statements_covered": 92.3076923076923, "percent_statements_covered_display": "92"}, "missing_lines": [18, 19], "excluded_lines": [], "start_line": 1}}, "classes": {"CodeSyntaxError": {"executed_lines": [], "summary": {"covered_lines": 0, "num_statements": 0, "percent_covered": 100.0, "percent_covered_display": "100", "missing_lines": 0, "excluded_lines": 0, "percent_statements_covered": 100.0, "percent_statements_covered_display": "100"}, "missing_lines": [], "excluded_lines": [], "start_line": 23}, "UniversalASTAnalyzer": {"executed_lines": [56, 57, 59, 72, 73, 74, 75, 81, 82, 83, 84, 85, 97, 100, 101, 102, 103, 104, 124, 125, 133, 134, 135, 136, 138, 140, 141, 143, 144, 145, 146, 153, 239, 243, 244, 245, 246, 258, 259, 267, 268, 269, 270, 272, 274, 275, 276, 277, 278, 279, 280, 281, 282, 288, 290], "summary": {"covered_lines": 55, "num_statements": 150, "percent_covered": 36.666666666666664, "percent_covered_display": "37", "missing_lines": 95, "excluded_lines": 0, "percent_statements_covered": 36.666666666666664, "percent_statements_covered_display": "37"}, "missing_lines": [60, 77, 98, 126, 127, 129, 157, 158, 160, 161, 162, 163, 165, 167, 169, 170, 172, 175, 176, 178, 180, 181, 182, 183, 191, 192, 195, 196, 197, 198, 206, 207, 208, 209, 210, 211, 212, 214, 215, 219, 220, 222, 223, 226, 227, 228, 229, 230, 231, 232, 233, 235, 260, 261, 263, 294, 295, 297, 298, 299, 300, 302, 304, 306, 307, 309, 310, 311, 313, 314, 315, 316, 317, 318, 319, 325, 327, 329, 330, 332, 335, 336, 337, 338, 341, 342, 345, 346, 347, 348, 349, 350, 351, 353, 354], "excluded_lines": [], "start_line": 31}, "": {"executed_lines": [10, 11, 12, 15, 16, 17, 22, 23, 28, 31, 41, 49, 62, 79, 95, 114, 131, 155, 217, 237, 241, 248, 265, 292], "summary": {"covered_lines": 24, "num_statements": 26, "percent_covered": 92.3076923076923, "percent_covered_display": "92", "missing_lines": 2, "excluded_lines": 0, "percent_statements_covered": 92.3076923076923, "percent_statements_covered_display": "92"}, "missing_lines": [18, 19], "excluded_lines": [], "start_line": 1}}}, "chat_handler.py": {"executed_lines": [6, 7, 8, 11, 17, 21, 24, 27, 39, 90, 161, 180], "summary": {"covered_lines": 12, "num_statements": 65, "percent_covered": 18.46153846153846, "percent_covered_display": "18", "missing_lines": 53, "excluded_lines": 0, "percent_statements_covered": 18.46153846153846, "percent_statements_covered_display": "18"}, "missing_lines": [35, 36, 37, 49, 51, 61, 62, 63, 64, 65, 66, 69, 70, 71, 72, 73, 76, 77, 78, 79, 82, 83, 84, 85, 86, 88, 102, 119, 122, 123, 124, 127, 128, 130, 132, 143, 144, 150, 151, 153, 155, 156, 157, 158, 159, 173, 176, 178, 182, 183, 184, 185, 186], "excluded_lines": [], "functions": {"ChatHandler.__init__": {"executed_lines": [], "summary": {"covered_lines": 0, "num_statements": 3, "percent_covered": 0.0, "percent_covered_display": "0", "missing_lines": 3, "excluded_lines": 0, "percent_statements_covered": 0.0, "percent_statements_covered_display": "0"}, "missing_lines": [35, 36, 37], "excluded_lines": [], "start_line": 27}, "ChatHandler._build_context_prompt": {"executed_lines": [], "summary": {"covered_lines": 0, "num_statements": 23, "percent_covered": 0.0, "percent_covered_display": "0", "missing_lines": 23, "excluded_lines": 0, "percent_statements_covered": 0.0, "percent_statements_covered_display": "0"}, "missing_lines": [49, 51, 61, 62, 63, 64, 65, 66, 69, 70, 71, 72, 73, 76, 77, 78, 79, 82, 83, 84, 85, 86, 88], "excluded_lines": [], "start_line": 39}, "ChatHandler._generate_response": {"executed_lines": [], "summary": {"covered_lines": 0, "num_statements": 19, "percent_covered": 0.0, "percent_covered_display": "0", "missing_lines": 19, "excluded_lines": 0, "percent_statements_covered": 0.0, "percent_statements_covered_display": "0"}, "missing_lines": [102, 119, 122, 123, 124, 127, 128, 130, 132, 143, 144, 150, 151, 153, 155, 156, 157, 158, 159], "excluded_lines": [], "start_line": 90}, "ChatHandler.chat": {"executed_lines": [], "summary": {"covered_lines": 0, "num_statements": 3, "percent_covered": 0.0, "percent_covered_display": "0", "missing_lines": 3, "excluded_lines": 0, "percent_statements_covered": 0.0, "percent_statements_covered_display": "0"}, "missing_lines": [173, 176, 178], "excluded_lines": [], "start_line": 161}, "ChatHandler.is_available": {"executed_lines": [], "summary": {"covered_lines": 0, "num_statements": 5, "percent_covered": 0.0, "percent_covered_display": "0", "missing_lines": 5, "excluded_lines": 0, "percent_statements_covered": 0.0, "percent_statements_covered_display": "0"}, "missing_lines": [182, 183, 184, 185, 186], "excluded_lines": [], "start_line": 180}, "": {"executed_lines": [6, 7, 8, 11, 17, 21, 24, 27, 39, 90, 161, 180], "summary": {"covered_lines": 12, "num_statements": 12, "percent_covered": 100.0, "percent_covered_display": "100", "missing_lines": 0, "excluded_lines": 0, "percent_statements_covered": 100.0, "percent_statements_covered_display": "100"}, "missing_lines": [], "excluded_lines": [], "start_line": 1}}, "classes": {"ChatMessage": {"executed_lines": [], "summary": {"covered_lines": 0, "num_statements": 0, "percent_covered": 100.0, "percent_covered_display": "100", "missing_lines": 0, "excluded_lines": 0, "percent_statements_covered": 100.0, "percent_statements_covered_display": "100"}, "missing_lines": [], "excluded_lines": [], "start_line": 11}, "ChatContext": {"executed_lines": [], "summary": {"covered_lines": 0, "num_statements": 0, "percent_covered": 100.0, "percent_covered_display": "100", "missing_lines": 0, "excluded_lines": 0, "percent_statements_covered": 100.0, "percent_statements_covered_display": "100"}, "missing_lines": [], "excluded_lines": [], "start_line": 17}, "ChatHandler": {"executed_lines": [], "summary": {"covered_lines": 0, "num_statements": 53, "percent_covered": 0.0, "percent_covered_display": "0", "missing_lines": 53, "excluded_lines": 0, "percent_statements_covered": 0.0, "percent_statements_covered_display": "0"}, "missing_lines": [35, 36, 37, 49, 51, 61, 62, 63, 64, 65, 66, 69, 70, 71, 72, 73, 76, 77, 78, 79, 82, 83, 84, 85, 86, 88, 102, 119, 122, 123, 124, 127, 128, 130, 132, 143, 144, 150, 151, 153, 155, 156, 157, 158, 159, 173, 176, 178, 182, 183, 184, 185, 186], "excluded_lines": [], "start_line": 24}, "": {"executed_lines": [6, 7, 8, 11, 17, 21, 24, 27, 39, 90, 161, 180], "summary": {"covered_lines": 12, "num_statements": 12, "percent_covered": 100.0, "percent_covered_display": "100", "missing_lines": 0, "excluded_lines": 0, "percent_statements_covered": 100.0, "percent_statements_covered_display": "100"}, "missing_lines": [], "excluded_lines": [], "start_line": 1}}}, "config.py": {"executed_lines": [6, 7, 10, 15, 18, 19, 20, 23, 24, 25, 26, 29, 32, 33, 34, 36, 37, 38, 42], "summary": {"covered_lines": 19, "num_statements": 19, "percent_covered": 100.0, "percent_covered_display": "100", "missing_lines": 0, "excluded_lines": 0, "percent_statements_covered": 100.0, "percent_statements_covered_display": "100"}, "missing_lines": [], "excluded_lines": [], "functions": {"": {"executed_lines": [6, 7, 10, 15, 18, 19, 20, 23, 24, 25, 26, 29, 32, 33, 34, 36, 37, 38, 42], "summary": {"covered_lines": 19, "num_statements": 19, "percent_covered": 100.0, "percent_covered_display": "100", "missing_lines": 0, "excluded_lines": 0, "percent_statements_covered": 100.0, "percent_statements_covered_display": "100"}, "missing_lines": [], "excluded_lines": [], "start_line": 1}}, "classes": {"Settings": {"executed_lines": [], "summary": {"covered_lines": 0, "num_statements": 0, "percent_covered": 100.0, "percent_covered_display": "100", "missing_lines": 0, "excluded_lines": 0, "percent_statements_covered": 100.0, "percent_statements_covered_display": "100"}, "missing_lines": [], "excluded_lines": [], "start_line": 10}, "Settings.Config": {"executed_lines": [], "summary": {"covered_lines": 0, "num_statements": 0, "percent_covered": 100.0, "percent_covered_display": "100", "missing_lines": 0, "excluded_lines": 0, "percent_statements_covered": 100.0, "percent_statements_covered_display": "100"}, "missing_lines": [], "excluded_lines": [], "start_line": 36}, "": {"executed_lines": [6, 7, 10, 15, 18, 19, 20, 23, 24, 25, 26, 29, 32, 33, 34, 36, 37, 38, 42], "summary": {"covered_lines": 19, "num_statements": 19, "percent_covered": 100.0, "percent_covered_display": "100", "missing_lines": 0, "excluded_lines": 0, "percent_statements_covered": 100.0, "percent_statements_covered_display": "100"}, "missing_lines": [], "excluded_lines": [], "start_line": 1}}}, "debug_analyzer.py": {"executed_lines": [], "summary": {"covered_lines": 0, "num_statements": 15, "percent_covered": 0.0, "percent_covered_display": "0", "missing_lines": 15, "excluded_lines": 0, "percent_statements_covered": 0.0, "percent_statements_covered_display": "0"}, "missing_lines": [2, 3, 4, 6, 8, 13, 14, 15, 16, 17, 18, 19, 20, 21, 22], "excluded_lines": [], "functions": {"": {"executed_lines": [], "summary": {"covered_lines": 0, "num_statements": 15, "percent_covered": 0.0, "percent_covered_display": "0", "missing_lines": 15, "excluded_lines": 0, "percent_statements_covered": 0.0, "percent_statements_covered_display": "0"}, "missing_lines": [2, 3, 4, 6, 8, 13, 14, 15, 16, 17, 18, 19, 20, 21, 22], "excluded_lines": [], "start_line": 1}}, "classes": {"": {"executed_lines": [], "summary": {"covered_lines": 0, "num_statements": 15, "percent_covered": 0.0, "percent_covered_display": "0", "missing_lines": 15, "excluded_lines": 0, "percent_statements_covered": 0.0, "percent_statements_covered_display": "0"}, "missing_lines": [2, 3, 4, 6, 8, 13, 14, 15, 16, 17, 18, 19, 20, 21, 22], "excluded_lines": [], "start_line": 1}}}, "debug_orchestrator.py": {"executed_lines": [], "summary": {"covered_lines": 0, "num_statements": 22, "percent_covered": 0.0, "percent_covered_display": "0", "missing_lines": 22, "excluded_lines": 0, "percent_statements_covered": 0.0, "percent_statements_covered_display": "0"}, "missing_lines": [2, 3, 4, 6, 11, 12, 13, 14, 15, 16, 17, 18, 20, 21, 22, 23, 24, 25, 26, 27, 28, 30], "excluded_lines": [], "functions": {"": {"executed_lines": [], "summary": {"covered_lines": 0, "num_statements": 22, "percent_covered": 0.0, "percent_covered_display": "0", "missing_lines": 22, "excluded_lines": 0, "percent_statements_covered": 0.0, "percent_statements_covered_display": "0"}, "missing_lines": [2, 3, 4, 6, 11, 12, 13, 14, 15, 16, 17, 18, 20, 21, 22, 23, 24, 25, 26, 27, 28, 30], "excluded_lines": [], "start_line": 1}}, "classes": {"": {"executed_lines": [], "summary": {"covered_lines": 0, "num_statements": 22, "percent_covered": 0.0, "percent_covered_display": "0", "missing_lines": 22, "excluded_lines": 0, "percent_statements_covered": 0.0, "percent_statements_covered_display": "0"}, "missing_lines": [2, 3, 4, 6, 11, 12, 13, 14, 15, 16, 17, 18, 20, 21, 22, 23, 24, 25, 26, 27, 28, 30], "excluded_lines": [], "start_line": 1}}}, "demo.py": {"executed_lines": [], "summary": {"covered_lines": 0, "num_statements": 88, "percent_covered": 0.0, "percent_covered_display": "0", "missing_lines": 88, "excluded_lines": 0, "percent_statements_covered": 0.0, "percent_statements_covered_display": "0"}, "missing_lines": [6, 7, 8, 10, 12, 14, 15, 16, 18, 20, 21, 22, 23, 24, 26, 27, 37, 38, 41, 42, 43, 45, 46, 47, 48, 51, 52, 53, 54, 55, 56, 57, 59, 62, 63, 64, 65, 66, 68, 71, 72, 73, 74, 75, 76, 77, 78, 80, 83, 86, 87, 89, 90, 92, 98, 100, 101, 102, 103, 104, 110, 112, 116, 122, 124, 128, 134, 136, 141, 147, 149, 157, 163, 165, 171, 177, 179, 187, 193, 195, 196, 197, 198, 199, 200, 201, 202, 203], "excluded_lines": [], "functions": {"print_section": {"executed_lines": [], "summary": {"covered_lines": 0, "num_statements": 3, "percent_covered": 0.0, "percent_covered_display": "0", "missing_lines": 3, "excluded_lines": 0, "percent_statements_covered": 0.0, "percent_statements_covered_display": "0"}, "missing_lines": [14, 15, 16], "excluded_lines": [], "start_line": 12}, "review_code": {"executed_lines": [], "summary": {"covered_lines": 0, "num_statements": 45, "percent_covered": 0.0, "percent_covered_display": "0", "missing_lines": 45, "excluded_lines": 0, "percent_statements_covered": 0.0, "percent_statements_covered_display": "0"}, "missing_lines": [20, 21, 22, 23, 24, 26, 27, 37, 38, 41, 42, 43, 45, 46, 47, 48, 51, 52, 53, 54, 55, 56, 57, 59, 62, 63, 64, 65, 66, 68, 71, 72, 73, 74, 75, 76, 77, 78, 80, 83, 86, 87, 89, 90, 92], "excluded_lines": [], "start_line": 18}, "": {"executed_lines": [], "summary": {"covered_lines": 0, "num_statements": 40, "percent_covered": 0.0, "percent_covered_display": "0", "missing_lines": 40, "excluded_lines": 0, "percent_statements_covered": 0.0, "percent_statements_covered_display": "0"}, "missing_lines": [6, 7, 8, 10, 12, 18, 98, 100, 101, 102, 103, 104, 110, 112, 116, 122, 124, 128, 134, 136, 141, 147, 149, 157, 163, 165, 171, 177, 179, 187, 193, 195, 196, 197, 198, 199, 200, 201, 202, 203], "excluded_lines": [], "start_line": 1}}, "classes": {"": {"executed_lines": [], "summary": {"covered_lines": 0, "num_statements": 88, "percent_covered": 0.0, "percent_covered_display": "0", "missing_lines": 88, "excluded_lines": 0, "percent_statements_covered": 0.0, "percent_statements_covered_display": "0"}, "missing_lines": [6, 7, 8, 10, 12, 14, 15, 16, 18, 20, 21, 22, 23, 24, 26, 27, 37, 38, 41, 42, 43, 45, 46, 47, 48, 51, 52, 53, 54, 55, 56, 57, 59, 62, 63, 64, 65, 66, 68, 71, 72, 73, 74, 75, 76, 77, 78, 80, 83, 86, 87, 89, 90, 92, 98, 100, 101, 102, 103, 104, 110, 112, 116, 122, 124, 128, 134, 136, 141, 147, 149, 157, 163, 165, 171, 177, 179, 187, 193, 195, 196, 197, 198, 199, 200, 201, 202, 203], "excluded_lines": [], "start_line": 1}}}, "llm_providers/__init__.py": {"executed_lines": [6, 7, 8, 10], "summary": {"covered_lines": 4, "num_statements": 4, "percent_covered": 100.0, "percent_covered_display": "100", "missing_lines": 0, "excluded_lines": 0, "percent_statements_covered": 100.0, "percent_statements_covered_display": "100"}, "missing_lines": [], "excluded_lines": [], "functions": {"": {"executed_lines": [6, 7, 8, 10], "summary": {"covered_lines": 4, "num_statements": 4, "percent_covered": 100.0, "percent_covered_display": "100", "missing_lines": 0, "excluded_lines": 0, "percent_statements_covered": 100.0, "percent_statements_covered_display": "100"}, "missing_lines": [], "excluded_lines": [], "start_line": 1}}, "classes": {"": {"executed_lines": [6, 7, 8, 10], "summary": {"covered_lines": 4, "num_statements": 4, "percent_covered": 100.0, "percent_covered_display": "100", "missing_lines": 0, "excluded_lines": 0, "percent_statements_covered": 100.0, "percent_statements_covered_display": "100"}, "missing_lines": [], "excluded_lines": [], "start_line": 1}}}, "llm_providers/base.py": {"executed_lines": [6, 7, 10, 13, 14, 26, 27, 44, 45], "summary": {"covered_lines": 9, "num_statements": 12, "percent_covered": 75.0, "percent_covered_display": "75", "missing_lines": 3, "excluded_lines": 0, "percent_statements_covered": 75.0, "percent_statements_covered_display": "75"}, "missing_lines": [24, 42, 52], "excluded_lines": [], "functions": {"LLMProvider.analyze_logic": {"executed_lines": [], "summary": {"covered_lines": 0, "num_statements": 1, "percent_covered": 0.0, "percent_covered_display": "0", "missing_lines": 1, "excluded_lines": 0, "percent_statements_covered": 0.0, "percent_statements_covered_display": "0"}, "missing_lines": [24], "excluded_lines": [], "start_line": 14}, "LLMProvider.suggest_optimizations": {"executed_lines": [], "summary": {"covered_lines": 0, "num_statements": 1, "percent_covered": 0.0, "percent_covered_display": "0", "missing_lines": 1, "excluded_lines": 0, "percent_statements_covered": 0.0, "percent_statements_covered_display": "0"}, "missing_lines": [42], "excluded_lines": [], "start_line": 27}, "LLMProvider.is_available": {"executed_lines": [], "summary": {"covered_lines": 0, "num_statements": 1, "percent_covered": 0.0, "percent_covered_display": "0", "missing_lines": 1, "excluded_lines": 0, "percent_statements_covered": 0.0, "percent_statements_covered_display": "0"}, "missing_lines": [52], "excluded_lines": [], "start_line": 45}, "": {"executed_lines": [6, 7, 10, 13, 14, 26, 27, 44, 45], "summary": {"covered_lines": 9, "num_statements": 9, "percent_covered": 100.0, "percent_covered_display": "100", "missing_lines": 0, "excluded_lines": 0, "percent_statements_covered": 100.0, "percent_statements_covered_display": "100"}, "missing_lines": [], "excluded_lines": [], "start_line": 1}}, "classes": {"LLMProvider": {"executed_lines": [], "summary": {"covered_lines": 0, "num_statements": 3, "percent_covered": 0.0, "percent_covered_display": "0", "missing_lines": 3, "excluded_lines": 0, "percent_statements_covered": 0.0, "percent_statements_covered_display": "0"}, "missing_lines": [24, 42, 52], "excluded_lines": [], "start_line": 10}, "": {"executed_lines": [6, 7, 10, 13, 14, 26, 27, 44, 45], "summary": {"covered_lines": 9, "num_statements": 9, "percent_covered": 100.0, "percent_covered_display": "100", "missing_lines": 0, "excluded_lines": 0, "percent_statements_covered": 100.0, "percent_statements_covered_display": "100"}, "missing_lines": [], "excluded_lines": [], "start_line": 1}}}, "llm_providers/factory.py": {"executed_lines": [5, 6, 7, 10], "summary": {"covered_lines": 4, "num_statements": 14, "percent_covered": 28.571428571428573, "percent_covered_display": "29", "missing_lines": 10, "excluded_lines": 0, "percent_statements_covered": 28.571428571428573, "percent_statements_covered_display": "29"}, "missing_lines": [20, 22, 23, 28, 30, 32, 34, 36, 38, 41], "excluded_lines": [], "functions": {"create_llm_provider": {"executed_lines": [], "summary": {"covered_lines": 0, "num_statements": 10, "percent_covered": 0.0, "percent_covered_display": "0", "missing_lines": 10, "excluded_lines": 0, "percent_statements_covered": 0.0, "percent_statements_covered_display": "0"}, "missing_lines": [20, 22, 23, 28, 30, 32, 34, 36, 38, 41], "excluded_lines": [], "start_line": 10}, "": {"executed_lines": [5, 6, 7, 10], "summary": {"covered_lines": 4, "num_statements": 4, "percent_covered": 100.0, "percent_covered_display": "100", "missing_lines": 0, "excluded_lines": 0, "percent_statements_covered": 100.0, "percent_statements_covered_display": "100"}, "missing_lines": [], "excluded_lines": [], "start_line": 1}}, "classes": {"": {"executed_lines": [5, 6, 7, 10], "summary": {"covered_lines": 4, "num_statements": 14, "percent_covered": 28.571428571428573, "percent_covered_display": "29", "missing_lines": 10, "excluded_lines": 0, "percent_statements_covered": 28.571428571428573, "percent_statements_covered_display": "29"}, "missing_lines": [20, 22, 23, 28, 30, 32, 34, 36, 38, 41], "excluded_lines": [], "start_line": 1}}}, "llm_providers/ollama_provider.py": {"executed_lines": [6, 7, 8, 9, 
[...]
covered_lines": 4, "num_statements": 4, "percent_covered": 100.0, "percent_covered_display": "100", "missing_lines": 0, "excluded_lines": 0, "percent_statements_covered": 100.0, "percent_statements_covered_display": "100"}, "missing_lines": [], "excluded_lines": [], "start_line": 137}, "TestSmellDetector.test_line_numbers_valid": {"executed_lines": [146, 147, 148, 149], "summary": {"covered_lines": 4, "num_statements": 4, "percent_covered": 100.0, "percent_covered_display": "100", "missing_lines": 0, "excluded_lines": 0, "percent_statements_covered": 100.0, "percent_statements_covered_display": "100"}, "missing_lines": [], "excluded_lines": [], "start_line": 145}, "TestSmellDetector.test_invalid_code_returns_empty": {"executed_lines": [152, 153], "summary": {"covered_lines": 2, "num_statements": 2, "percent_covered": 100.0, "percent_covered_display": "100", "missing_lines": 0, "excluded_lines": 0, "percent_statements_covered": 100.0, "percent_statements_covered_display": "100"}, "missing_lines": [], "excluded_lines": [], "start_line": 151}, "TestSmellDetector.test_empty_code_returns_empty": {"executed_lines": [156, 157], "summary": {"covered_lines": 2, "num_statements": 2, "percent_covered": 100.0, "percent_covered_display": "100", "missing_lines": 0, "excluded_lines": 0, "percent_statements_covered": 100.0, "percent_statements_covered_display": "100"}, "missing_lines": [], "excluded_lines": [], "start_line": 155}, "": {"executed_lines": [8, 11, 15, 19, 26, 31, 36, 43, 48, 53, 61, 66, 74, 79, 87, 92, 100, 121, 127, 132, 137, 145, 151, 155], "summary": {"covered_lines": 24, "num_statements": 24, "percent_covered": 100.0, "percent_covered_display": "100", "missing_lines": 0, "excluded_lines": 0, "percent_statements_covered": 100.0, "percent_statements_covered_display": "100"}, "missing_lines": [], "excluded_lines": [], "start_line": 1}}, "classes": {"TestSmellDetector": {"executed_lines": [16, 17, 20, 21, 22, 27, 28, 29, 32, 33, 34, 37, 38, 39, 44, 45, 46, 49, 50, 51, 54, 55, 56, 57, 62, 63, 64, 67, 68, 69, 70, 75, 76, 77, 80, 81, 82, 83, 88, 89, 90, 93, 94, 95, 96, 101, 113, 114, 117, 122, 123, 128, 129, 130, 133, 134, 135, 138, 139, 142, 143, 146, 147, 148, 149, 152, 153, 156, 157], "summary": {"covered_lines": 69, "num_statements": 71, "percent_covered": 97.1830985915493, "percent_covered_display": "97", "missing_lines": 2, "excluded_lines": 0, "percent_statements_covered": 97.1830985915493, "percent_statements_covered_display": "97"}, "missing_lines": [124, 125], "excluded_lines": [], "start_line": 11}, "": {"executed_lines": [8, 11, 15, 19, 26, 31, 36, 43, 48, 53, 61, 66, 74, 79, 87, 92, 100, 121, 127, 132, 137, 145, 151, 155], "summary": {"covered_lines": 24, "num_statements": 24, "percent_covered": 100.0, "percent_covered_display": "100", "missing_lines": 0, "excluded_lines": 0, "percent_statements_covered": 100.0, "percent_statements_covered_display": "100"}, "missing_lines": [], "excluded_lines": [], "start_line": 1}}}, "tests/test_sprint_risk_model.py": {"executed_lines": [12, 15, 19, 21, 22, 23, 24, 25, 27, 29, 30, 31, 35, 37, 38, 39, 43, 45, 46, 47, 49, 51, 52, 53, 57, 59, 60, 62, 64, 65, 69, 71, 78, 79, 80, 84, 86, 87, 88, 90, 92, 93, 94, 96, 98, 99, 100, 104, 109, 110, 112, 113, 114, 116, 117, 119, 121, 122, 123, 126, 132, 133, 134, 136, 138, 139, 140, 141, 143, 144, 145, 146, 148, 150, 152, 153], "summary": {"covered_lines": 76, "num_statements": 76, "percent_covered": 100.0, "percent_covered_display": "100", "missing_lines": 0, "excluded_lines": 0, "percent_statements_covered": 100.0, "percent_statements_covered_display": "100"}, "missing_lines": [], "excluded_lines": [], "functions": {"TestSprintRiskModel.test_lambda_zero_stable_history": {"executed_lines": [21, 22, 23, 24, 25], "summary": {"covered_lines": 5, "num_statements": 5, "percent_covered": 100.0, "percent_covered_display": "100", "missing_lines": 0, "excluded_lines": 0, "percent_statements_covered": 100.0, "percent_statements_covered_display": "100"}, "missing_lines": [], "excluded_lines": [], "start_line": 19}, "TestSprintRiskModel.test_lambda_zero_single_sprint_no_error": {"executed_lines": [29, 30, 31], "summary": {"covered_lines": 3, "num_statements": 3, "percent_covered": 100.0, "percent_covered_display": "100", "missing_lines": 0, "excluded_lines": 0, "percent_statements_covered": 100.0, "percent_statements_covered_display": "100"}, "missing_lines": [], "excluded_lines": [], "start_line": 27}, "TestSprintRiskModel.test_mu_zero_growing_trend": {"executed_lines": [37, 38, 39], "summary": {"covered_lines": 3, "num_statements": 3, "percent_covered": 100.0, "percent_covered_display": "100", "missing_lines": 0, "excluded_lines": 0, "percent_statements_covered": 100.0, "percent_statements_covered_display": "100"}, "missing_lines": [], "excluded_lines": [], "start_line": 35}, "TestSprintRiskModel.test_rapid_growth_high_risk": {"executed_lines": [45, 46, 47], "summary": {"covered_lines": 3, "num_statements": 3, "percent_covered": 100.0, "percent_covered_display": "100", "missing_lines": 0, "excluded_lines": 0, "percent_statements_covered": 100.0, "percent_statements_covered_display": "100"}, "missing_lines": [], "excluded_lines": [], "start_line": 43}, "TestSprintRiskModel.test_rapid_growth_recommendation_critical": {"executed_lines": [51, 52, 53], "summary": {"covered_lines": 3, "num_statements": 3, "percent_covered": 100.0, "percent_covered_display": "100", "missing_lines": 0, "excluded_lines": 0, "percent_statements_covered": 100.0, "percent_statements_covered_display": "100"}, "missing_lines": [], "excluded_lines": [], "start_line": 49}, "TestSprintRiskModel.test_negative_growth_improving_trend": {"executed_lines": [59, 60], "summary": {"covered_lines": 2, "num_statements": 2, "percent_covered": 100.0, "percent_covered_display": "100", "missing_lines": 0, "excluded_lines": 0, "percent_statements_covered": 100.0, "percent_statements_covered_display": "100"}, "missing_lines": [], "excluded_lines": [], "start_line": 57}, "TestSprintRiskModel.test_negative_growth_low_risk": {"executed_lines": [64, 65], "summary": {"covered_lines": 2, "num_statements": 2, "percent_covered": 100.0, "percent_covered_display": "100", "missing_lines": 0, "excluded_lines": 0, "percent_statements_covered": 100.0, "percent_statements_covered_display": "100"}, "missing_lines": [], "excluded_lines": [], "start_line": 62}, "TestSprintRiskModel.test_risk_probability_always_in_range": {"executed_lines": [71, 78, 79, 80], "summary": {"covered_lines": 4, "num_statements": 4, "percent_covered": 100.0, "percent_covered_display": "100", "missing_lines": 0, "excluded_lines": 0, "percent_statements_covered": 100.0, "percent_statements_covered_display": "100"}, "missing_lines": [], "excluded_lines": [], "start_line": 69}, "TestSprintRiskModel.test_no_division_by_zero": {"executed_lines": [86, 87, 88], "summary": {"covered_lines": 3, "num_statements": 3, "percent_covered": 100.0, "percent_covered_display": "100", "missing_lines": 0, "excluded_lines": 0, "percent_statements_covered": 100.0, "percent_statements_covered_display": "100"}, "missing_lines": [], "excluded_lines": [], "start_line": 84}, "TestSprintRiskModel.test_identical_history_no_divergence": {"executed_lines": [92, 93, 94], "summary": {"covered_lines": 3, "num_statements": 3, "percent_covered": 100.0, "percent_covered_display": "100", "missing_lines": 0, "excluded_lines": 0, "percent_statements_covered": 100.0, "percent_statements_covered_display": "100"}, "missing_lines": [], "excluded_lines": [], "start_line": 90}, "TestSprintRiskModel.test_zero_smells_throughout": {"executed_lines": [98, 99, 100], "summary": {"covered_lines": 3, "num_statements": 3, "percent_covered": 100.0, "percent_covered_display": "100", "missing_lines": 0, "excluded_lines": 0, "percent_statements_covered": 100.0, "percent_statements_covered_display": "100"}, "missing_lines": [], "excluded_lines": [], "start_line": 96}, "TestSprintRiskModel.test_historical_replay_mae_threshold": {"executed_lines": [109, 110, 112, 113, 114, 116, 117], "summary": {"covered_lines": 7, "num_statements": 7, "percent_covered": 100.0, "percent_covered_display": "100", "missing_lines": 0, "excluded_lines": 0, "percent_statements_covered": 100.0, "percent_statements_covered_display": "100"}, "missing_lines": [], "excluded_lines": [], "start_line": 104}, "TestSprintRiskModel.test_refactor_history_reduces_risk": {"executed_lines": [121, 122, 123, 126], "summary": {"covered_lines": 4, "num_statements": 4, "percent_covered": 100.0, "percent_covered_display": "100", "missing_lines": 0, "excluded_lines": 0, "percent_statements_covered": 100.0, "percent_statements_covered_display": "100"}, "missing_lines": [], "excluded_lines": [], "start_line": 119}, "TestSprintRiskModel.test_required_keys_present": {"executed_lines": [133, 134, 136], "summary": {"covered_lines": 3, "num_statements": 3, "percent_covered": 100.0, "percent_covered_display": "100", "missing_lines": 0, "excluded_lines": 0, "percent_statements_covered": 100.0, "percent_statements_covered_display": "100"}, "missing_lines": [], "excluded_lines": [], "start_line": 132}, "TestSprintRiskModel.test_trend_is_valid_string": {"executed_lines": [139, 140, 141], "summary": {"covered_lines": 3, "num_statements": 3, "percent_covered": 100.0, "percent_covered_display": "100", "missing_lines": 0, "excluded_lines": 0, "percent_statements_covered": 100.0, "percent_statements_covered_display": "100"}, "missing_lines": [], "excluded_lines": [], "start_line": 138}, "TestSprintRiskModel.test_recommendation_is_string": {"executed_lines": [144, 145, 146], "summary": {"covered_lines": 3, "num_statements": 3, "percent_covered": 100.0, "percent_covered_display": "100", "missing_lines": 0, "excluded_lines": 0, "percent_statements_covered": 100.0, "percent_statements_covered_display": "100"}, "missing_lines": [], "excluded_lines": [], "start_line": 143}, "TestSprintRiskModel.test_above_threshold_trend_when_current_exceeds": {"executed_lines": [150, 152, 153], "summary": {"covered_lines": 3, "num_statements": 3, "percent_covered": 100.0, "percent_covered_display": "100", "missing_lines": 0, "excluded_lines": 0, "percent_statements_covered": 100.0, "percent_statements_covered_display": "100"}, "missing_lines": [], "excluded_lines": [], "start_line": 148}, "": {"executed_lines": [12, 15, 19, 27, 35, 43, 49, 57, 62, 69, 84, 90, 96, 104, 119, 132, 138, 143, 148], "summary": {"covered_lines": 19, "num_statements": 19, "percent_covered": 100.0, "percent_covered_display": "100", "missing_lines": 0, "excluded_lines": 0, "percent_statements_covered": 100.0, "percent_statements_covered_display": "100"}, "missing_lines": [], "excluded_lines": [], "start_line": 1}}, "classes": {"TestSprintRiskModel": {"executed_lines": [21, 22, 23, 24, 25, 29, 30, 31, 37, 38, 39, 45, 46, 47, 51, 52, 53, 59, 60, 64, 65, 71, 78, 79, 80, 86, 87, 88, 92, 93, 94, 98, 99, 100, 109, 110, 112, 113, 114, 116, 117, 121, 122, 123, 126, 133, 134, 136, 139, 140, 141, 144, 145, 146, 150, 152, 153], "summary": {"covered_lines": 57, "num_statements": 57, "percent_covered": 100.0, "percent_covered_display": "100", "missing_lines": 0, "excluded_lines": 0, "percent_statements_covered": 100.0, "percent_statements_covered_display": "100"}, "missing_lines": [], "excluded_lines": [], "start_line": 15}, "": {"executed_lines": [12, 15, 19, 27, 35, 43, 49, 57, 62, 69, 84, 90, 96, 104, 119, 132, 138, 143, 148], "summary": {"covered_lines": 19, "num_statements": 19, "percent_covered": 100.0, "percent_covered_display": "100", "missing_lines": 0, "excluded_lines": 0, "percent_statements_covered": 100.0, "percent_statements_covered_display": "100"}, "missing_lines": [], "excluded_lines": [], "start_line": 1}}}, "tests/test_syntax_analysis.py": {"executed_lines": [8, 9, 12, 14, 16, 17, 18, 19, 20, 21, 22, 24, 26, 27, 28, 29, 30, 31, 32, 34, 35, 47, 48, 50, 51, 64, 65, 67, 68, 80, 81, 83, 84, 92, 93, 95, 96, 101, 102, 103, 105, 107, 108, 109, 111, 113, 114, 115, 116, 117, 119, 120, 125, 126, 128, 129, 135, 136, 138, 139, 146, 147, 149, 151, 152, 157, 158, 159, 161, 162, 169, 170], "summary": {"covered_lines": 72, "num_statements": 72, "percent_covered": 100.0, "percent_covered_display": "100", "missing_lines": 0, "excluded_lines": 0, "percent_statements_covered": 100.0, "percent_statements_covered_display": "100"}, "missing_lines": [], "excluded_lines": [], "functions": {"TestPythonSyntaxAnalysis.test_deeply_nested_conditionals": {"executed_lines": [16, 17, 18, 19, 20, 21, 22], "summary": {"covered_lines": 7, "num_statements": 7, "percent_covered": 100.0, "percent_covered_display": "100", "missing_lines": 0, "excluded_lines": 0, "percent_statements_covered": 100.0, "percent_statements_covered_display": "100"}, "missing_lines": [], "excluded_lines": [], "start_line": 14}, "TestPythonSyntaxAnalysis.test_10_level_nested_loops": {"executed_lines": [26, 27, 28, 29, 30, 31, 32], "summary": {"covered_lines": 7, "num_statements": 7, "percent_covered": 100.0, "percent_covered_display": "100", "missing_lines": 0, "excluded_lines": 0, "percent_statements_covered": 100.0, "percent_statements_covered_display": "100"}, "missing_lines": [], "excluded_lines": [], "start_line": 24}, "TestPythonSyntaxAnalysis.test_abstract_class_pattern": {"executed_lines": [35, 47, 48], "summary": {"covered_lines": 3, "num_statements": 3, "percent_covered": 100.0, "percent_covered_display": "100", "missing_lines": 0, "excluded_lines": 0, "percent_statements_covered": 100.0, "percent_statements_covered_display": "100"}, "missing_lines": [], "excluded_lines": [], "start_line": 34}, "TestPythonSyntaxAnalysis.test_annotations_and_decorators": {"executed_lines": [51, 64, 65], "summary": {"covered_lines": 3, "num_statements": 3, "percent_covered": 100.0, "percent_covered_display": "100", "missing_lines": 0, "excluded_lines": 0, "percent_statements_covered": 100.0, "percent_statements_covered_display": "100"}, "missing_lines": [], "excluded_lines": [], "start_line": 50}, "TestPythonSyntaxAnalysis.test_try_except_finally": {"executed_lines": [68, 80, 81], "summary": {"covered_lines": 3, "num_statements": 3, "percent_covered": 100.0, "percent_covered_display": "100", "missing_lines": 0, "excluded_lines": 0, "percent_statements_covered": 100.0, "percent_statements_covered_display": "100"}, "missing_lines": [], "excluded_lines": [], "start_line": 67}, "TestPythonSyntaxAnalysis.test_enum_pattern": {"executed_lines": [84, 92, 93], "summary": {"covered_lines": 3, "num_statements": 3, "percent_covered": 100.0, "percent_covered_display": "100", "missing_lines": 0, "excluded_lines": 0, "percent_statements_covered": 100.0, "percent_statements_covered_display": "100"}, "missing_lines": [], "excluded_lines": [], "start_line": 83}, "TestPythonSyntaxAnalysis.test_broken_syntax_file_returns_error": {"executed_lines": [96, 101, 102, 103], "summary": {"covered_lines": 4, "num_statements": 4, "percent_covered": 100.0, "percent_covered_display": "100", "missing_lines": 0, "excluded_lines": 0, "percent_statements_covered": 100.0, "percent_statements_covered_display": "100"}, "missing_lines": [], "excluded_lines": [], "start_line": 95}, "TestPythonSyntaxAnalysis.test_error_line_number_accurate": {"executed_lines": [107, 108, 109, 111], "summary": {"covered_lines": 4, "num_statements": 4, "percent_covered": 100.0, "percent_covered_display": "100", "missing_lines": 0, "excluded_lines": 0, "percent_statements_covered": 100.0, "percent_statements_covered_display": "100"}, "missing_lines": [], "excluded_lines": [], "start_line": 105}, "TestPythonSyntaxAnalysis.test_error_message_is_meaningful": {"executed_lines": [114, 115, 116, 117], "summary": {"covered_lines": 4, "num_statements": 4, "percent_covered": 100.0, "percent_covered_display": "100", "missing_lines": 0, "excluded_lines": 0, "percent_statements_covered": 100.0, "percent_statements_covered_display": "100"}, "missing_lines": [], "excluded_lines": [], "start_line": 113}, "TestPythonSyntaxAnalysis.test_walrus_operator": {"executed_lines": [120, 125, 126], "summary": {"covered_lines": 3, "num_statements": 3, "percent_covered": 100.0, "percent_covered_display": "100", "missing_lines": 0, "excluded_lines": 0, "percent_statements_covered": 100.0, "percent_statements_covered_display": "100"}, "missing_lines": [], "excluded_lines": [], "start_line": 119}, "TestPythonSyntaxAnalysis.test_comprehensions": {"executed_lines": [129, 135, 136], "summary": {"covered_lines": 3, "num_statements": 3, "percent_covered": 100.0, "percent_covered_display": "100", "missing_lines": 0, "excluded_lines": 0, "percent_statements_covered": 100.0, "percent_statements_covered_display": "100"}, "missing_lines": [], "excluded_lines": [], "start_line": 128}, "TestPythonSyntaxAnalysis.test_multiline_string": {"executed_lines": [139, 146, 147], "summary": {"covered_lines": 3, "num_statements": 3, "percent_covered": 100.0, "percent_covered_display": "100", "missing_lines": 0, "excluded_lines": 0, "percent_statements_covered": 100.0, "percent_statements_covered_display": "100"}, "missing_lines": [], "excluded_lines": [], "start_line": 138}, "TestPythonSyntaxAnalysis.test_parse_tree_depth_consistent": {"executed_lines": [151, 157, 158, 159], "summary": {"covered_lines": 4, "num_statements": 4, "percent_covered": 100.0, "percent_covered_display": "100", "missing_lines": 0, "excluded_lines": 0, "percent_statements_covered": 100.0, "percent_statements_covered_display": "100"}, "missing_lines": [], "excluded_lines": [], "start_line": 149}, "TestPythonSyntaxAnalysis.test_parse_tree_depth_consistent.get_max_depth": {"executed_lines": [152], "summary": {"covered_lines": 1, "num_statements": 1, "percent_covered": 100.0, "percent_covered_display": "100", "missing_lines": 0, "excluded_lines": 0, "percent_statements_covered": 100.0, "percent_statements_covered_display": "100"}, "missing_lines": [], "excluded_lines": [], "start_line": 151}, "TestPythonSyntaxAnalysis.test_async_function": {"executed_lines": [162, 169, 170], "summary": {"covered_lines": 3, "num_statements": 3, "percent_covered": 100.0, "percent_covered_display": "100", "missing_lines": 0, "excluded_lines": 0, "percent_statements_covered": 100.0, "percent_statements_covered_display": "100"}, "missing_lines": [], "excluded_lines": [], "start_line": 161}, "": {"executed_lines": [8, 9, 12, 14, 24, 34, 50, 67, 83, 95, 105, 113, 119, 128, 138, 149, 161], "summary": {"covered_lines": 17, "num_statements": 17, "percent_covered": 100.0, "percent_covered_display": "100", "missing_lines": 0, "excluded_lines": 0, "percent_statements_covered": 100.0, "percent_statements_covered_display": "100"}, "missing_lines": [], "excluded_lines": [], "start_line": 1}}, "classes": {"TestPythonSyntaxAnalysis": {"executed_lines": [16, 17, 18, 19, 20, 21, 22, 26, 27, 28, 29, 30, 31, 32, 35, 47, 48, 51, 64, 65, 68, 80, 81, 84, 92, 93, 96, 101, 102, 103, 107, 108, 109, 111, 114, 115, 116, 117, 120, 125, 126, 129, 135, 136, 139, 146, 147, 151, 152, 157, 158, 159, 162, 169, 170], "summary": {"covered_lines": 55, "num_statements": 55, "percent_covered": 100.0, "percent_covered_display": "100", "missing_lines": 0, "excluded_lines": 0, "percent_statements_covered": 100.0, "percent_statements_covered_display": "100"}, "missing_lines": [], "excluded_lines": [], "start_line": 12}, "": {"executed_lines": [8, 9, 12, 14, 24, 34, 50, 67, 83, 95, 105, 113, 119, 128, 138, 149, 161], "summary": {"covered_lines": 17, "num_statements": 17, "percent_covered": 100.0, "percent_covered_display": "100", "missing_lines": 0, "excluded_lines": 0, "percent_statements_covered": 100.0, "percent_statements_covered_display": "100"}, "missing_lines": [], "excluded_lines": [], "start_line": 1}}}}, "totals": {"covered_lines": 2328, "num_statements": 3516, "percent_covered": 66.21160409556315, "percent_covered_display": "66", "missing_lines": 1188, "excluded_lines": 0, "percent_statements_covered": 66.21160409556315, "percent_statements_covered_display": "66"}}